[2026-03-28 05:04:19][TS_F_overhead_analysis] start artifacts=outputs4two_stage/artifacts/two_stage_artifacts.json device=cuda games=3 rounds=20 playclock=0.7 iterations=120
[2026-03-28 05:04:19][progress/grid-start] groups=9 games=3 pairs=3 rounds=20 device=cuda
[2026-03-28 05:04:19][progress/group-start] 1/9 game=ticTacToe pair=two_stage_neural_mcts__vs__random
[2026-03-28 05:04:19][progress/series-start] game=ticTacToe pair=two_stage_neural_mcts__vs__random rounds=20 playclock=0.7 iterations=120
/home/yuancheng/workspace/GGP/graduation_thesis/src/nn/inference.py:43: FutureWarning: You are using `torch.load` with `weights_only=False` (the current default value), which uses the default pickle module implicitly. It is possible to construct malicious pickle data which will execute arbitrary code during unpickling (See https://github.com/pytorch/pytorch/blob/main/SECURITY.md#untrusted-models for more details). In a future release, the default value for `weights_only` will be flipped to `True`. This limits the functions that could be executed during unpickling. Arbitrary objects will no longer be allowed to be loaded via this mode unless they are explicitly allowlisted by the user via `torch.serialization.add_safe_globals`. We recommend you start setting `weights_only=True` for any use case where you don't have full control of the loaded file. Please open an issue on GitHub for any issues related to this experimental feature.
  checkpoint = torch.load(model_path, map_location=device)
/home/yuancheng/anaconda3/envs/ggp_thesis/lib/python3.10/site-packages/torch/nn/modules/transformer.py:502: UserWarning: The PyTorch API of nested tensors is in prototype stage and will change in the near future. (Triggered internally at ../aten/src/ATen/NestedTensorImpl.cpp:178.)
  output = torch._nested_tensor_from_mask(
[2026-03-28 05:04:22][progress/match] game=ticTacToe pair=two_stage_neural_mcts__vs__random round=1/20 winner=a score_a=100.0 score_b=0.0 round_time=00:02 series_elapsed=00:02 series_eta=00:56
[2026-03-28 05:04:23][progress/match] game=ticTacToe pair=two_stage_neural_mcts__vs__random round=2/20 winner=a score_a=100.0 score_b=0.0 round_time=00:00 series_elapsed=00:03 series_eta=00:34
[2026-03-28 05:04:25][progress/match] game=ticTacToe pair=two_stage_neural_mcts__vs__random round=3/20 winner=a score_a=100.0 score_b=0.0 round_time=00:01 series_elapsed=00:05 series_eta=00:28
[2026-03-28 05:04:26][progress/match] game=ticTacToe pair=two_stage_neural_mcts__vs__random round=4/20 winner=a score_a=100.0 score_b=0.0 round_time=00:01 series_elapsed=00:06 series_eta=00:24
[2026-03-28 05:04:26][progress/match] game=ticTacToe pair=two_stage_neural_mcts__vs__random round=5/20 winner=a score_a=100.0 score_b=0.0 round_time=00:00 series_elapsed=00:07 series_eta=00:21
[2026-03-28 05:04:27][progress/match] game=ticTacToe pair=two_stage_neural_mcts__vs__random round=6/20 winner=a score_a=100.0 score_b=0.0 round_time=00:00 series_elapsed=00:07 series_eta=00:18
[2026-03-28 05:04:28][progress/match] game=ticTacToe pair=two_stage_neural_mcts__vs__random round=7/20 winner=a score_a=100.0 score_b=0.0 round_time=00:00 series_elapsed=00:08 series_eta=00:16
[2026-03-28 05:04:29][progress/match] game=ticTacToe pair=two_stage_neural_mcts__vs__random round=8/20 winner=b score_a=0.0 score_b=100.0 round_time=00:00 series_elapsed=00:09 series_eta=00:14
[2026-03-28 05:04:30][progress/match] game=ticTacToe pair=two_stage_neural_mcts__vs__random round=9/20 winner=a score_a=100.0 score_b=0.0 round_time=00:00 series_elapsed=00:10 series_eta=00:13
[2026-03-28 05:04:32][progress/match] game=ticTacToe pair=two_stage_neural_mcts__vs__random round=10/20 winner=draw score_a=50.0 score_b=50.0 round_time=00:01 series_elapsed=00:12 series_eta=00:12
[2026-03-28 05:04:33][progress/match] game=ticTacToe pair=two_stage_neural_mcts__vs__random round=11/20 winner=a score_a=100.0 score_b=0.0 round_time=00:01 series_elapsed=00:13 series_eta=00:10
[2026-03-28 05:04:34][progress/match] game=ticTacToe pair=two_stage_neural_mcts__vs__random round=12/20 winner=b score_a=0.0 score_b=100.0 round_time=00:01 series_elapsed=00:14 series_eta=00:09
[2026-03-28 05:04:35][progress/match] game=ticTacToe pair=two_stage_neural_mcts__vs__random round=13/20 winner=a score_a=100.0 score_b=0.0 round_time=00:00 series_elapsed=00:15 series_eta=00:08
[2026-03-28 05:04:36][progress/match] game=ticTacToe pair=two_stage_neural_mcts__vs__random round=14/20 winner=a score_a=100.0 score_b=0.0 round_time=00:00 series_elapsed=00:16 series_eta=00:07
[2026-03-28 05:04:37][progress/match] game=ticTacToe pair=two_stage_neural_mcts__vs__random round=15/20 winner=a score_a=100.0 score_b=0.0 round_time=00:00 series_elapsed=00:17 series_eta=00:05
[2026-03-28 05:04:38][progress/match] game=ticTacToe pair=two_stage_neural_mcts__vs__random round=16/20 winner=draw score_a=50.0 score_b=50.0 round_time=00:01 series_elapsed=00:18 series_eta=00:04
[2026-03-28 05:04:39][progress/match] game=ticTacToe pair=two_stage_neural_mcts__vs__random round=17/20 winner=a score_a=100.0 score_b=0.0 round_time=00:00 series_elapsed=00:19 series_eta=00:03
[2026-03-28 05:04:40][progress/match] game=ticTacToe pair=two_stage_neural_mcts__vs__random round=18/20 winner=a score_a=100.0 score_b=0.0 round_time=00:00 series_elapsed=00:20 series_eta=00:02
[2026-03-28 05:04:41][progress/match] game=ticTacToe pair=two_stage_neural_mcts__vs__random round=19/20 winner=a score_a=100.0 score_b=0.0 round_time=00:00 series_elapsed=00:21 series_eta=00:01
[2026-03-28 05:04:42][progress/match] game=ticTacToe pair=two_stage_neural_mcts__vs__random round=20/20 winner=a score_a=100.0 score_b=0.0 round_time=00:00 series_elapsed=00:22 series_eta=00:00
[2026-03-28 05:04:42][progress/series-end] game=ticTacToe pair=two_stage_neural_mcts__vs__random elapsed=00:22 rounds=20
[2026-03-28 05:04:42][progress/group-end] 1/9 game=ticTacToe pair=two_stage_neural_mcts__vs__random group_elapsed=00:22 grid_elapsed=00:22 grid_eta=02:58
[2026-03-28 05:04:42][progress/group-start] 2/9 game=ticTacToe pair=neural_mcts:token_transformer__vs__random
[2026-03-28 05:04:42][progress/series-start] game=ticTacToe pair=neural_mcts:token_transformer__vs__random rounds=20 playclock=0.7 iterations=120
[2026-03-28 05:04:43][progress/match] game=ticTacToe pair=neural_mcts:token_transformer__vs__random round=1/20 winner=a score_a=100.0 score_b=0.0 round_time=00:01 series_elapsed=00:01 series_eta=00:29
[2026-03-28 05:04:45][progress/match] game=ticTacToe pair=neural_mcts:token_transformer__vs__random round=2/20 winner=a score_a=100.0 score_b=0.0 round_time=00:01 series_elapsed=00:03 series_eta=00:28
[2026-03-28 05:04:46][progress/match] game=ticTacToe pair=neural_mcts:token_transformer__vs__random round=3/20 winner=a score_a=100.0 score_b=0.0 round_time=00:01 series_elapsed=00:04 series_eta=00:26
[2026-03-28 05:04:48][progress/match] game=ticTacToe pair=neural_mcts:token_transformer__vs__random round=4/20 winner=a score_a=100.0 score_b=0.0 round_time=00:01 series_elapsed=00:06 series_eta=00:24
[2026-03-28 05:04:50][progress/match] game=ticTacToe pair=neural_mcts:token_transformer__vs__random round=5/20 winner=a score_a=100.0 score_b=0.0 round_time=00:01 series_elapsed=00:07 series_eta=00:23
[2026-03-28 05:04:51][progress/match] game=ticTacToe pair=neural_mcts:token_transformer__vs__random round=6/20 winner=a score_a=100.0 score_b=0.0 round_time=00:01 series_elapsed=00:09 series_eta=00:21
[2026-03-28 05:04:53][progress/match] game=ticTacToe pair=neural_mcts:token_transformer__vs__random round=7/20 winner=a score_a=100.0 score_b=0.0 round_time=00:02 series_elapsed=00:11 series_eta=00:21
[2026-03-28 05:04:55][progress/match] game=ticTacToe pair=neural_mcts:token_transformer__vs__random round=8/20 winner=b score_a=0.0 score_b=100.0 round_time=00:01 series_elapsed=00:12 series_eta=00:19
[2026-03-28 05:04:56][progress/match] game=ticTacToe pair=neural_mcts:token_transformer__vs__random round=9/20 winner=a score_a=100.0 score_b=0.0 round_time=00:01 series_elapsed=00:14 series_eta=00:17
[2026-03-28 05:04:58][progress/match] game=ticTacToe pair=neural_mcts:token_transformer__vs__random round=10/20 winner=a score_a=100.0 score_b=0.0 round_time=00:01 series_elapsed=00:15 series_eta=00:15
[2026-03-28 05:04:59][progress/match] game=ticTacToe pair=neural_mcts:token_transformer__vs__random round=11/20 winner=a score_a=100.0 score_b=0.0 round_time=00:01 series_elapsed=00:17 series_eta=00:14
[2026-03-28 05:05:01][progress/match] game=ticTacToe pair=neural_mcts:token_transformer__vs__random round=12/20 winner=a score_a=100.0 score_b=0.0 round_time=00:01 series_elapsed=00:18 series_eta=00:12
[2026-03-28 05:05:03][progress/match] game=ticTacToe pair=neural_mcts:token_transformer__vs__random round=13/20 winner=a score_a=100.0 score_b=0.0 round_time=00:01 series_elapsed=00:20 series_eta=00:11
[2026-03-28 05:05:04][progress/match] game=ticTacToe pair=neural_mcts:token_transformer__vs__random round=14/20 winner=a score_a=100.0 score_b=0.0 round_time=00:01 series_elapsed=00:22 series_eta=00:09
[2026-03-28 05:05:06][progress/match] game=ticTacToe pair=neural_mcts:token_transformer__vs__random round=15/20 winner=a score_a=100.0 score_b=0.0 round_time=00:01 series_elapsed=00:24 series_eta=00:08
[2026-03-28 05:05:08][progress/match] game=ticTacToe pair=neural_mcts:token_transformer__vs__random round=16/20 winner=a score_a=100.0 score_b=0.0 round_time=00:01 series_elapsed=00:25 series_eta=00:06
[2026-03-28 05:05:09][progress/match] game=ticTacToe pair=neural_mcts:token_transformer__vs__random round=17/20 winner=a score_a=100.0 score_b=0.0 round_time=00:01 series_elapsed=00:27 series_eta=00:04
[2026-03-28 05:05:11][progress/match] game=ticTacToe pair=neural_mcts:token_transformer__vs__random round=18/20 winner=a score_a=100.0 score_b=0.0 round_time=00:01 series_elapsed=00:28 series_eta=00:03
[2026-03-28 05:05:12][progress/match] game=ticTacToe pair=neural_mcts:token_transformer__vs__random round=19/20 winner=a score_a=100.0 score_b=0.0 round_time=00:01 series_elapsed=00:30 series_eta=00:01
[2026-03-28 05:05:14][progress/match] game=ticTacToe pair=neural_mcts:token_transformer__vs__random round=20/20 winner=a score_a=100.0 score_b=0.0 round_time=00:01 series_elapsed=00:32 series_eta=00:00
[2026-03-28 05:05:14][progress/series-end] game=ticTacToe pair=neural_mcts:token_transformer__vs__random elapsed=00:32 rounds=20
[2026-03-28 05:05:14][progress/group-end] 2/9 game=ticTacToe pair=neural_mcts:token_transformer__vs__random group_elapsed=00:32 grid_elapsed=00:54 grid_eta=03:10
[2026-03-28 05:05:14][progress/group-start] 3/9 game=ticTacToe pair=neural_mcts:token_mlp__vs__random
[2026-03-28 05:05:14][progress/series-start] game=ticTacToe pair=neural_mcts:token_mlp__vs__random rounds=20 playclock=0.7 iterations=120
[2026-03-28 05:05:15][progress/match] game=ticTacToe pair=neural_mcts:token_mlp__vs__random round=1/20 winner=a score_a=100.0 score_b=0.0 round_time=00:00 series_elapsed=00:00 series_eta=00:15
[2026-03-28 05:05:16][progress/match] game=ticTacToe pair=neural_mcts:token_mlp__vs__random round=2/20 winner=b score_a=0.0 score_b=100.0 round_time=00:00 series_elapsed=00:01 series_eta=00:15
[2026-03-28 05:05:16][progress/match] game=ticTacToe pair=neural_mcts:token_mlp__vs__random round=3/20 winner=a score_a=100.0 score_b=0.0 round_time=00:00 series_elapsed=00:02 series_eta=00:14
[2026-03-28 05:05:17][progress/match] game=ticTacToe pair=neural_mcts:token_mlp__vs__random round=4/20 winner=a score_a=100.0 score_b=0.0 round_time=00:00 series_elapsed=00:03 series_eta=00:13
[2026-03-28 05:05:18][progress/match] game=ticTacToe pair=neural_mcts:token_mlp__vs__random round=5/20 winner=a score_a=100.0 score_b=0.0 round_time=00:00 series_elapsed=00:04 series_eta=00:12
[2026-03-28 05:05:19][progress/match] game=ticTacToe pair=neural_mcts:token_mlp__vs__random round=6/20 winner=a score_a=100.0 score_b=0.0 round_time=00:00 series_elapsed=00:05 series_eta=00:12
[2026-03-28 05:05:20][progress/match] game=ticTacToe pair=neural_mcts:token_mlp__vs__random round=7/20 winner=a score_a=100.0 score_b=0.0 round_time=00:00 series_elapsed=00:06 series_eta=00:11
[2026-03-28 05:05:21][progress/match] game=ticTacToe pair=neural_mcts:token_mlp__vs__random round=8/20 winner=a score_a=100.0 score_b=0.0 round_time=00:00 series_elapsed=00:06 series_eta=00:10
[2026-03-28 05:05:21][progress/match] game=ticTacToe pair=neural_mcts:token_mlp__vs__random round=9/20 winner=a score_a=100.0 score_b=0.0 round_time=00:00 series_elapsed=00:07 series_eta=00:09
[2026-03-28 05:05:22][progress/match] game=ticTacToe pair=neural_mcts:token_mlp__vs__random round=10/20 winner=a score_a=100.0 score_b=0.0 round_time=00:00 series_elapsed=00:08 series_eta=00:08
[2026-03-28 05:05:23][progress/match] game=ticTacToe pair=neural_mcts:token_mlp__vs__random round=11/20 winner=a score_a=100.0 score_b=0.0 round_time=00:00 series_elapsed=00:09 series_eta=00:07
[2026-03-28 05:05:24][progress/match] game=ticTacToe pair=neural_mcts:token_mlp__vs__random round=12/20 winner=b score_a=0.0 score_b=100.0 round_time=00:01 series_elapsed=00:10 series_eta=00:06
[2026-03-28 05:05:25][progress/match] game=ticTacToe pair=neural_mcts:token_mlp__vs__random round=13/20 winner=a score_a=100.0 score_b=0.0 round_time=00:00 series_elapsed=00:11 series_eta=00:06
[2026-03-28 05:05:26][progress/match] game=ticTacToe pair=neural_mcts:token_mlp__vs__random round=14/20 winner=a score_a=100.0 score_b=0.0 round_time=00:00 series_elapsed=00:11 series_eta=00:05
[2026-03-28 05:05:27][progress/match] game=ticTacToe pair=neural_mcts:token_mlp__vs__random round=15/20 winner=a score_a=100.0 score_b=0.0 round_time=00:00 series_elapsed=00:12 series_eta=00:04
[2026-03-28 05:05:27][progress/match] game=ticTacToe pair=neural_mcts:token_mlp__vs__random round=16/20 winner=a score_a=100.0 score_b=0.0 round_time=00:00 series_elapsed=00:13 series_eta=00:03
[2026-03-28 05:05:29][progress/match] game=ticTacToe pair=neural_mcts:token_mlp__vs__random round=17/20 winner=a score_a=100.0 score_b=0.0 round_time=00:01 series_elapsed=00:14 series_eta=00:02
[2026-03-28 05:05:29][progress/match] game=ticTacToe pair=neural_mcts:token_mlp__vs__random round=18/20 winner=a score_a=100.0 score_b=0.0 round_time=00:00 series_elapsed=00:15 series_eta=00:01
[2026-03-28 05:05:30][progress/match] game=ticTacToe pair=neural_mcts:token_mlp__vs__random round=19/20 winner=a score_a=100.0 score_b=0.0 round_time=00:00 series_elapsed=00:16 series_eta=00:00
[2026-03-28 05:05:31][progress/match] game=ticTacToe pair=neural_mcts:token_mlp__vs__random round=20/20 winner=a score_a=100.0 score_b=0.0 round_time=00:00 series_elapsed=00:17 series_eta=00:00
[2026-03-28 05:05:31][progress/series-end] game=ticTacToe pair=neural_mcts:token_mlp__vs__random elapsed=00:17 rounds=20
[2026-03-28 05:05:31][progress/group-end] 3/9 game=ticTacToe pair=neural_mcts:token_mlp__vs__random group_elapsed=00:17 grid_elapsed=01:11 grid_eta=02:23
[2026-03-28 05:05:31][progress/group-start] 4/9 game=connectFour pair=two_stage_neural_mcts__vs__random
[2026-03-28 05:05:31][progress/series-start] game=connectFour pair=two_stage_neural_mcts__vs__random rounds=20 playclock=0.7 iterations=120
[2026-03-28 05:05:33][progress/match] game=connectFour pair=two_stage_neural_mcts__vs__random round=1/20 winner=a score_a=100.0 score_b=0.0 round_time=00:01 series_elapsed=00:01 series_eta=00:33
[2026-03-28 05:05:34][progress/match] game=connectFour pair=two_stage_neural_mcts__vs__random round=2/20 winner=a score_a=100.0 score_b=0.0 round_time=00:01 series_elapsed=00:03 series_eta=00:28
[2026-03-28 05:05:36][progress/match] game=connectFour pair=two_stage_neural_mcts__vs__random round=3/20 winner=a score_a=100.0 score_b=0.0 round_time=00:01 series_elapsed=00:04 series_eta=00:28
[2026-03-28 05:05:37][progress/match] game=connectFour pair=two_stage_neural_mcts__vs__random round=4/20 winner=b score_a=0.0 score_b=100.0 round_time=00:00 series_elapsed=00:05 series_eta=00:23
[2026-03-28 05:05:38][progress/match] game=connectFour pair=two_stage_neural_mcts__vs__random round=5/20 winner=a score_a=100.0 score_b=0.0 round_time=00:01 series_elapsed=00:06 series_eta=00:20
[2026-03-28 05:05:39][progress/match] game=connectFour pair=two_stage_neural_mcts__vs__random round=6/20 winner=a score_a=100.0 score_b=0.0 round_time=00:01 series_elapsed=00:07 series_eta=00:18
[2026-03-28 05:05:44][progress/match] game=connectFour pair=two_stage_neural_mcts__vs__random round=7/20 winner=a score_a=100.0 score_b=0.0 round_time=00:04 series_elapsed=00:12 series_eta=00:23
[2026-03-28 05:05:45][progress/match] game=connectFour pair=two_stage_neural_mcts__vs__random round=8/20 winner=a score_a=100.0 score_b=0.0 round_time=00:01 series_elapsed=00:14 series_eta=00:21
[2026-03-28 05:05:46][progress/match] game=connectFour pair=two_stage_neural_mcts__vs__random round=9/20 winner=a score_a=100.0 score_b=0.0 round_time=00:01 series_elapsed=00:15 series_eta=00:18
[2026-03-28 05:05:48][progress/match] game=connectFour pair=two_stage_neural_mcts__vs__random round=10/20 winner=a score_a=100.0 score_b=0.0 round_time=00:01 series_elapsed=00:16 series_eta=00:16
[2026-03-28 05:05:49][progress/match] game=connectFour pair=two_stage_neural_mcts__vs__random round=11/20 winner=a score_a=100.0 score_b=0.0 round_time=00:01 series_elapsed=00:17 series_eta=00:14
[2026-03-28 05:05:50][progress/match] game=connectFour pair=two_stage_neural_mcts__vs__random round=12/20 winner=b score_a=0.0 score_b=100.0 round_time=00:01 series_elapsed=00:18 series_eta=00:12
[2026-03-28 05:05:51][progress/match] game=connectFour pair=two_stage_neural_mcts__vs__random round=13/20 winner=a score_a=100.0 score_b=0.0 round_time=00:00 series_elapsed=00:19 series_eta=00:10
[2026-03-28 05:05:53][progress/match] game=connectFour pair=two_stage_neural_mcts__vs__random round=14/20 winner=b score_a=0.0 score_b=100.0 round_time=00:02 series_elapsed=00:21 series_eta=00:09
[2026-03-28 05:05:55][progress/match] game=connectFour pair=two_stage_neural_mcts__vs__random round=15/20 winner=a score_a=100.0 score_b=0.0 round_time=00:01 series_elapsed=00:23 series_eta=00:07
[2026-03-28 05:05:59][progress/match] game=connectFour pair=two_stage_neural_mcts__vs__random round=16/20 winner=b score_a=0.0 score_b=100.0 round_time=00:04 series_elapsed=00:27 series_eta=00:06
[2026-03-28 05:06:00][progress/match] game=connectFour pair=two_stage_neural_mcts__vs__random round=17/20 winner=a score_a=100.0 score_b=0.0 round_time=00:01 series_elapsed=00:28 series_eta=00:05
[2026-03-28 05:06:03][progress/match] game=connectFour pair=two_stage_neural_mcts__vs__random round=18/20 winner=a score_a=100.0 score_b=0.0 round_time=00:03 series_elapsed=00:32 series_eta=00:03
[2026-03-28 05:06:05][progress/match] game=connectFour pair=two_stage_neural_mcts__vs__random round=19/20 winner=a score_a=100.0 score_b=0.0 round_time=00:01 series_elapsed=00:34 series_eta=00:01
[2026-03-28 05:06:06][progress/match] game=connectFour pair=two_stage_neural_mcts__vs__random round=20/20 winner=a score_a=100.0 score_b=0.0 round_time=00:01 series_elapsed=00:35 series_eta=00:00
[2026-03-28 05:06:06][progress/series-end] game=connectFour pair=two_stage_neural_mcts__vs__random elapsed=00:35 rounds=20
[2026-03-28 05:06:06][progress/group-end] 4/9 game=connectFour pair=two_stage_neural_mcts__vs__random group_elapsed=00:35 grid_elapsed=01:47 grid_eta=02:13
[2026-03-28 05:06:06][progress/group-start] 5/9 game=connectFour pair=neural_mcts:token_transformer__vs__random
[2026-03-28 05:06:06][progress/series-start] game=connectFour pair=neural_mcts:token_transformer__vs__random rounds=20 playclock=0.7 iterations=120
[2026-03-28 05:06:12][progress/match] game=connectFour pair=neural_mcts:token_transformer__vs__random round=1/20 winner=a score_a=100.0 score_b=0.0 round_time=00:05 series_elapsed=00:05 series_eta=01:39
[2026-03-28 05:06:16][progress/match] game=connectFour pair=neural_mcts:token_transformer__vs__random round=2/20 winner=b score_a=0.0 score_b=100.0 round_time=00:03 series_elapsed=00:09 series_eta=01:22
[2026-03-28 05:06:18][progress/match] game=connectFour pair=neural_mcts:token_transformer__vs__random round=3/20 winner=a score_a=100.0 score_b=0.0 round_time=00:02 series_elapsed=00:11 series_eta=01:04
[2026-03-28 05:06:20][progress/match] game=connectFour pair=neural_mcts:token_transformer__vs__random round=4/20 winner=b score_a=0.0 score_b=100.0 round_time=00:01 series_elapsed=00:13 series_eta=00:53
[2026-03-28 05:06:24][progress/match] game=connectFour pair=neural_mcts:token_transformer__vs__random round=5/20 winner=a score_a=100.0 score_b=0.0 round_time=00:03 series_elapsed=00:17 series_eta=00:51
[2026-03-28 05:06:32][progress/match] game=connectFour pair=neural_mcts:token_transformer__vs__random round=6/20 winner=a score_a=100.0 score_b=0.0 round_time=00:08 series_elapsed=00:25 series_eta=00:59
[2026-03-28 05:06:35][progress/match] game=connectFour pair=neural_mcts:token_transformer__vs__random round=7/20 winner=a score_a=100.0 score_b=0.0 round_time=00:03 series_elapsed=00:29 series_eta=00:53
[2026-03-28 05:06:41][progress/match] game=connectFour pair=neural_mcts:token_transformer__vs__random round=8/20 winner=a score_a=100.0 score_b=0.0 round_time=00:05 series_elapsed=00:34 series_eta=00:51
[2026-03-28 05:06:44][progress/match] game=connectFour pair=neural_mcts:token_transformer__vs__random round=9/20 winner=a score_a=100.0 score_b=0.0 round_time=00:03 series_elapsed=00:38 series_eta=00:46
[2026-03-28 05:06:52][progress/match] game=connectFour pair=neural_mcts:token_transformer__vs__random round=10/20 winner=b score_a=0.0 score_b=100.0 round_time=00:07 series_elapsed=00:45 series_eta=00:45
[2026-03-28 05:06:57][progress/match] game=connectFour pair=neural_mcts:token_transformer__vs__random round=11/20 winner=a score_a=100.0 score_b=0.0 round_time=00:04 series_elapsed=00:50 series_eta=00:41
[2026-03-28 05:07:01][progress/match] game=connectFour pair=neural_mcts:token_transformer__vs__random round=12/20 winner=b score_a=0.0 score_b=100.0 round_time=00:04 series_elapsed=00:54 series_eta=00:36
[2026-03-28 05:07:04][progress/match] game=connectFour pair=neural_mcts:token_transformer__vs__random round=13/20 winner=a score_a=100.0 score_b=0.0 round_time=00:03 series_elapsed=00:57 series_eta=00:31
[2026-03-28 05:07:09][progress/match] game=connectFour pair=neural_mcts:token_transformer__vs__random round=14/20 winner=a score_a=100.0 score_b=0.0 round_time=00:04 series_elapsed=01:02 series_eta=00:26
[2026-03-28 05:07:13][progress/match] game=connectFour pair=neural_mcts:token_transformer__vs__random round=15/20 winner=a score_a=100.0 score_b=0.0 round_time=00:03 series_elapsed=01:06 series_eta=00:22
[2026-03-28 05:07:17][progress/match] game=connectFour pair=neural_mcts:token_transformer__vs__random round=16/20 winner=b score_a=0.0 score_b=100.0 round_time=00:03 series_elapsed=01:10 series_eta=00:17
[2026-03-28 05:07:21][progress/match] game=connectFour pair=neural_mcts:token_transformer__vs__random round=17/20 winner=a score_a=100.0 score_b=0.0 round_time=00:04 series_elapsed=01:14 series_eta=00:13
[2026-03-28 05:07:24][progress/match] game=connectFour pair=neural_mcts:token_transformer__vs__random round=18/20 winner=b score_a=0.0 score_b=100.0 round_time=00:02 series_elapsed=01:17 series_eta=00:08
[2026-03-28 05:07:27][progress/match] game=connectFour pair=neural_mcts:token_transformer__vs__random round=19/20 winner=a score_a=100.0 score_b=0.0 round_time=00:03 series_elapsed=01:20 series_eta=00:04
[2026-03-28 05:07:30][progress/match] game=connectFour pair=neural_mcts:token_transformer__vs__random round=20/20 winner=a score_a=100.0 score_b=0.0 round_time=00:03 series_elapsed=01:23 series_eta=00:00
[2026-03-28 05:07:30][progress/series-end] game=connectFour pair=neural_mcts:token_transformer__vs__random elapsed=01:23 rounds=20
[2026-03-28 05:07:30][progress/group-end] 5/9 game=connectFour pair=neural_mcts:token_transformer__vs__random group_elapsed=01:24 grid_elapsed=03:11 grid_eta=02:32
[2026-03-28 05:07:30][progress/group-start] 6/9 game=connectFour pair=neural_mcts:token_mlp__vs__random
[2026-03-28 05:07:30][progress/series-start] game=connectFour pair=neural_mcts:token_mlp__vs__random rounds=20 playclock=0.7 iterations=120
[2026-03-28 05:07:31][progress/match] game=connectFour pair=neural_mcts:token_mlp__vs__random round=1/20 winner=a score_a=100.0 score_b=0.0 round_time=00:00 series_elapsed=00:00 series_eta=00:16
[2026-03-28 05:07:32][progress/match] game=connectFour pair=neural_mcts:token_mlp__vs__random round=2/20 winner=a score_a=100.0 score_b=0.0 round_time=00:00 series_elapsed=00:01 series_eta=00:15
[2026-03-28 05:07:33][progress/match] game=connectFour pair=neural_mcts:token_mlp__vs__random round=3/20 winner=a score_a=100.0 score_b=0.0 round_time=00:00 series_elapsed=00:02 series_eta=00:14
[2026-03-28 05:07:34][progress/match] game=connectFour pair=neural_mcts:token_mlp__vs__random round=4/20 winner=b score_a=0.0 score_b=100.0 round_time=00:00 series_elapsed=00:03 series_eta=00:13
[2026-03-28 05:07:35][progress/match] game=connectFour pair=neural_mcts:token_mlp__vs__random round=5/20 winner=a score_a=100.0 score_b=0.0 round_time=00:00 series_elapsed=00:04 series_eta=00:12
[2026-03-28 05:07:36][progress/match] game=connectFour pair=neural_mcts:token_mlp__vs__random round=6/20 winner=a score_a=100.0 score_b=0.0 round_time=00:00 series_elapsed=00:05 series_eta=00:11
[2026-03-28 05:07:39][progress/match] game=connectFour pair=neural_mcts:token_mlp__vs__random round=7/20 winner=a score_a=100.0 score_b=0.0 round_time=00:03 series_elapsed=00:08 series_eta=00:15
[2026-03-28 05:07:40][progress/match] game=connectFour pair=neural_mcts:token_mlp__vs__random round=8/20 winner=a score_a=100.0 score_b=0.0 round_time=00:01 series_elapsed=00:09 series_eta=00:14
[2026-03-28 05:07:41][progress/match] game=connectFour pair=neural_mcts:token_mlp__vs__random round=9/20 winner=a score_a=100.0 score_b=0.0 round_time=00:00 series_elapsed=00:10 series_eta=00:12
[2026-03-28 05:07:42][progress/match] game=connectFour pair=neural_mcts:token_mlp__vs__random round=10/20 winner=a score_a=100.0 score_b=0.0 round_time=00:00 series_elapsed=00:11 series_eta=00:11
[2026-03-28 05:07:43][progress/match] game=connectFour pair=neural_mcts:token_mlp__vs__random round=11/20 winner=a score_a=100.0 score_b=0.0 round_time=00:00 series_elapsed=00:12 series_eta=00:10
[2026-03-28 05:07:44][progress/match] game=connectFour pair=neural_mcts:token_mlp__vs__random round=12/20 winner=a score_a=100.0 score_b=0.0 round_time=00:00 series_elapsed=00:13 series_eta=00:08
[2026-03-28 05:07:45][progress/match] game=connectFour pair=neural_mcts:token_mlp__vs__random round=13/20 winner=a score_a=100.0 score_b=0.0 round_time=00:00 series_elapsed=00:14 series_eta=00:07
[2026-03-28 05:07:46][progress/match] game=connectFour pair=neural_mcts:token_mlp__vs__random round=14/20 winner=a score_a=100.0 score_b=0.0 round_time=00:01 series_elapsed=00:15 series_eta=00:06
[2026-03-28 05:07:47][progress/match] game=connectFour pair=neural_mcts:token_mlp__vs__random round=15/20 winner=a score_a=100.0 score_b=0.0 round_time=00:00 series_elapsed=00:16 series_eta=00:05
[2026-03-28 05:07:50][progress/match] game=connectFour pair=neural_mcts:token_mlp__vs__random round=16/20 winner=a score_a=100.0 score_b=0.0 round_time=00:03 series_elapsed=00:19 series_eta=00:04
[2026-03-28 05:07:51][progress/match] game=connectFour pair=neural_mcts:token_mlp__vs__random round=17/20 winner=a score_a=100.0 score_b=0.0 round_time=00:00 series_elapsed=00:20 series_eta=00:03
[2026-03-28 05:07:52][progress/match] game=connectFour pair=neural_mcts:token_mlp__vs__random round=18/20 winner=b score_a=0.0 score_b=100.0 round_time=00:01 series_elapsed=00:21 series_eta=00:02
[2026-03-28 05:07:53][progress/match] game=connectFour pair=neural_mcts:token_mlp__vs__random round=19/20 winner=a score_a=100.0 score_b=0.0 round_time=00:00 series_elapsed=00:22 series_eta=00:01
[2026-03-28 05:07:54][progress/match] game=connectFour pair=neural_mcts:token_mlp__vs__random round=20/20 winner=a score_a=100.0 score_b=0.0 round_time=00:00 series_elapsed=00:23 series_eta=00:00
[2026-03-28 05:07:54][progress/series-end] game=connectFour pair=neural_mcts:token_mlp__vs__random elapsed=00:23 rounds=20
[2026-03-28 05:07:54][progress/group-end] 6/9 game=connectFour pair=neural_mcts:token_mlp__vs__random group_elapsed=00:23 grid_elapsed=03:34 grid_eta=01:47
[2026-03-28 05:07:54][progress/group-start] 7/9 game=breakthrough pair=two_stage_neural_mcts__vs__random
[2026-03-28 05:07:54][progress/series-start] game=breakthrough pair=two_stage_neural_mcts__vs__random rounds=20 playclock=0.7 iterations=120
[2026-03-28 05:08:06][progress/match] game=breakthrough pair=two_stage_neural_mcts__vs__random round=1/20 winner=b score_a=0.0 score_b=100.0 round_time=00:11 series_elapsed=00:11 series_eta=03:38
[2026-03-28 05:08:34][progress/match] game=breakthrough pair=two_stage_neural_mcts__vs__random round=2/20 winner=a score_a=100.0 score_b=0.0 round_time=00:27 series_elapsed=00:39 series_eta=05:54
[2026-03-28 05:08:52][progress/match] game=breakthrough pair=two_stage_neural_mcts__vs__random round=3/20 winner=a score_a=100.0 score_b=0.0 round_time=00:17 series_elapsed=00:57 series_eta=05:25
[2026-03-28 05:09:03][progress/match] game=breakthrough pair=two_stage_neural_mcts__vs__random round=4/20 winner=a score_a=100.0 score_b=0.0 round_time=00:11 series_elapsed=01:08 series_eta=04:35
[2026-03-28 05:09:12][progress/match] game=breakthrough pair=two_stage_neural_mcts__vs__random round=5/20 winner=a score_a=100.0 score_b=0.0 round_time=00:08 series_elapsed=01:17 series_eta=03:52
[2026-03-28 05:09:28][progress/match] game=breakthrough pair=two_stage_neural_mcts__vs__random round=6/20 winner=a score_a=100.0 score_b=0.0 round_time=00:16 series_elapsed=01:33 series_eta=03:39
[2026-03-28 05:09:36][progress/match] game=breakthrough pair=two_stage_neural_mcts__vs__random round=7/20 winner=a score_a=100.0 score_b=0.0 round_time=00:07 series_elapsed=01:41 series_eta=03:09
[2026-03-28 05:09:47][progress/match] game=breakthrough pair=two_stage_neural_mcts__vs__random round=8/20 winner=a score_a=100.0 score_b=0.0 round_time=00:10 series_elapsed=01:52 series_eta=02:48
[2026-03-28 05:09:53][progress/match] game=breakthrough pair=two_stage_neural_mcts__vs__random round=9/20 winner=a score_a=100.0 score_b=0.0 round_time=00:06 series_elapsed=01:59 series_eta=02:25
[2026-03-28 05:10:23][progress/match] game=breakthrough pair=two_stage_neural_mcts__vs__random round=10/20 winner=a score_a=100.0 score_b=0.0 round_time=00:30 series_elapsed=02:29 series_eta=02:29
[2026-03-28 05:10:31][progress/match] game=breakthrough pair=two_stage_neural_mcts__vs__random round=11/20 winner=a score_a=100.0 score_b=0.0 round_time=00:07 series_elapsed=02:36 series_eta=02:07
[2026-03-28 05:10:41][progress/match] game=breakthrough pair=two_stage_neural_mcts__vs__random round=12/20 winner=a score_a=100.0 score_b=0.0 round_time=00:10 series_elapsed=02:47 series_eta=01:51
[2026-03-28 05:10:49][progress/match] game=breakthrough pair=two_stage_neural_mcts__vs__random round=13/20 winner=a score_a=100.0 score_b=0.0 round_time=00:07 series_elapsed=02:55 series_eta=01:34
[2026-03-28 05:11:10][progress/match] game=breakthrough pair=two_stage_neural_mcts__vs__random round=14/20 winner=a score_a=100.0 score_b=0.0 round_time=00:20 series_elapsed=03:15 series_eta=01:23
[2026-03-28 05:11:17][progress/match] game=breakthrough pair=two_stage_neural_mcts__vs__random round=15/20 winner=a score_a=100.0 score_b=0.0 round_time=00:06 series_elapsed=03:22 series_eta=01:07
[2026-03-28 05:11:37][progress/match] game=breakthrough pair=two_stage_neural_mcts__vs__random round=16/20 winner=a score_a=100.0 score_b=0.0 round_time=00:20 series_elapsed=03:43 series_eta=00:55
[2026-03-28 05:12:00][progress/match] game=breakthrough pair=two_stage_neural_mcts__vs__random round=17/20 winner=a score_a=100.0 score_b=0.0 round_time=00:22 series_elapsed=04:06 series_eta=00:43
[2026-03-28 05:12:18][progress/match] game=breakthrough pair=two_stage_neural_mcts__vs__random round=18/20 winner=a score_a=100.0 score_b=0.0 round_time=00:17 series_elapsed=04:24 series_eta=00:29
[2026-03-28 05:12:26][progress/match] game=breakthrough pair=two_stage_neural_mcts__vs__random round=19/20 winner=a score_a=100.0 score_b=0.0 round_time=00:07 series_elapsed=04:31 series_eta=00:14
[2026-03-28 05:12:33][progress/match] game=breakthrough pair=two_stage_neural_mcts__vs__random round=20/20 winner=a score_a=100.0 score_b=0.0 round_time=00:07 series_elapsed=04:39 series_eta=00:00
[2026-03-28 05:12:33][progress/series-end] game=breakthrough pair=two_stage_neural_mcts__vs__random elapsed=04:39 rounds=20
[2026-03-28 05:12:33][progress/group-end] 7/9 game=breakthrough pair=two_stage_neural_mcts__vs__random group_elapsed=04:39 grid_elapsed=08:13 grid_eta=02:21
[2026-03-28 05:12:33][progress/group-start] 8/9 game=breakthrough pair=neural_mcts:token_transformer__vs__random
[2026-03-28 05:12:33][progress/series-start] game=breakthrough pair=neural_mcts:token_transformer__vs__random rounds=20 playclock=0.7 iterations=120
[2026-03-28 05:12:50][progress/match] game=breakthrough pair=neural_mcts:token_transformer__vs__random round=1/20 winner=a score_a=100.0 score_b=0.0 round_time=00:16 series_elapsed=00:16 series_eta=05:15
[2026-03-28 05:13:17][progress/match] game=breakthrough pair=neural_mcts:token_transformer__vs__random round=2/20 winner=a score_a=100.0 score_b=0.0 round_time=00:27 series_elapsed=00:43 series_eta=06:35
[2026-03-28 05:13:39][progress/match] game=breakthrough pair=neural_mcts:token_transformer__vs__random round=3/20 winner=b score_a=0.0 score_b=100.0 round_time=00:21 series_elapsed=01:05 series_eta=06:11
[2026-03-28 05:14:03][progress/match] game=breakthrough pair=neural_mcts:token_transformer__vs__random round=4/20 winner=a score_a=100.0 score_b=0.0 round_time=00:23 series_elapsed=01:29 series_eta=05:57
[2026-03-28 05:14:20][progress/match] game=breakthrough pair=neural_mcts:token_transformer__vs__random round=5/20 winner=b score_a=0.0 score_b=100.0 round_time=00:17 series_elapsed=01:46 series_eta=05:19
[2026-03-28 05:14:42][progress/match] game=breakthrough pair=neural_mcts:token_transformer__vs__random round=6/20 winner=b score_a=0.0 score_b=100.0 round_time=00:22 series_elapsed=02:09 series_eta=05:01
[2026-03-28 05:15:01][progress/match] game=breakthrough pair=neural_mcts:token_transformer__vs__random round=7/20 winner=b score_a=0.0 score_b=100.0 round_time=00:18 series_elapsed=02:27 series_eta=04:34
[2026-03-28 05:15:25][progress/match] game=breakthrough pair=neural_mcts:token_transformer__vs__random round=8/20 winner=a score_a=100.0 score_b=0.0 round_time=00:23 series_elapsed=02:51 series_eta=04:17
[2026-03-28 05:15:48][progress/match] game=breakthrough pair=neural_mcts:token_transformer__vs__random round=9/20 winner=a score_a=100.0 score_b=0.0 round_time=00:23 series_elapsed=03:14 series_eta=03:57
[2026-03-28 05:16:11][progress/match] game=breakthrough pair=neural_mcts:token_transformer__vs__random round=10/20 winner=a score_a=100.0 score_b=0.0 round_time=00:23 series_elapsed=03:37 series_eta=03:37
[2026-03-28 05:16:32][progress/match] game=breakthrough pair=neural_mcts:token_transformer__vs__random round=11/20 winner=a score_a=100.0 score_b=0.0 round_time=00:20 series_elapsed=03:58 series_eta=03:15
[2026-03-28 05:16:56][progress/match] game=breakthrough pair=neural_mcts:token_transformer__vs__random round=12/20 winner=b score_a=0.0 score_b=100.0 round_time=00:24 series_elapsed=04:23 series_eta=02:55
[2026-03-28 05:17:22][progress/match] game=breakthrough pair=neural_mcts:token_transformer__vs__random round=13/20 winner=a score_a=100.0 score_b=0.0 round_time=00:25 series_elapsed=04:48 series_eta=02:35
[2026-03-28 05:17:50][progress/match] game=breakthrough pair=neural_mcts:token_transformer__vs__random round=14/20 winner=a score_a=100.0 score_b=0.0 round_time=00:27 series_elapsed=05:16 series_eta=02:15
[2026-03-28 05:18:12][progress/match] game=breakthrough pair=neural_mcts:token_transformer__vs__random round=15/20 winner=b score_a=0.0 score_b=100.0 round_time=00:22 series_elapsed=05:38 series_eta=01:52
[2026-03-28 05:18:36][progress/match] game=breakthrough pair=neural_mcts:token_transformer__vs__random round=16/20 winner=a score_a=100.0 score_b=0.0 round_time=00:23 series_elapsed=06:02 series_eta=01:30
[2026-03-28 05:19:02][progress/match] game=breakthrough pair=neural_mcts:token_transformer__vs__random round=17/20 winner=b score_a=0.0 score_b=100.0 round_time=00:26 series_elapsed=06:29 series_eta=01:08
[2026-03-28 05:19:25][progress/match] game=breakthrough pair=neural_mcts:token_transformer__vs__random round=18/20 winner=a score_a=100.0 score_b=0.0 round_time=00:23 series_elapsed=06:52 series_eta=00:45
[2026-03-28 05:19:49][progress/match] game=breakthrough pair=neural_mcts:token_transformer__vs__random round=19/20 winner=a score_a=100.0 score_b=0.0 round_time=00:23 series_elapsed=07:15 series_eta=00:22
[2026-03-28 05:20:11][progress/match] game=breakthrough pair=neural_mcts:token_transformer__vs__random round=20/20 winner=b score_a=0.0 score_b=100.0 round_time=00:21 series_elapsed=07:37 series_eta=00:00
[2026-03-28 05:20:11][progress/series-end] game=breakthrough pair=neural_mcts:token_transformer__vs__random elapsed=07:37 rounds=20
[2026-03-28 05:20:11][progress/group-end] 8/9 game=breakthrough pair=neural_mcts:token_transformer__vs__random group_elapsed=07:37 grid_elapsed=15:51 grid_eta=01:58
[2026-03-28 05:20:11][progress/group-start] 9/9 game=breakthrough pair=neural_mcts:token_mlp__vs__random
[2026-03-28 05:20:11][progress/series-start] game=breakthrough pair=neural_mcts:token_mlp__vs__random rounds=20 playclock=0.7 iterations=120
[2026-03-28 05:20:19][progress/match] game=breakthrough pair=neural_mcts:token_mlp__vs__random round=1/20 winner=a score_a=100.0 score_b=0.0 round_time=00:07 series_elapsed=00:07 series_eta=02:29
[2026-03-28 05:20:46][progress/match] game=breakthrough pair=neural_mcts:token_mlp__vs__random round=2/20 winner=a score_a=100.0 score_b=0.0 round_time=00:27 series_elapsed=00:35 series_eta=05:15
[2026-03-28 05:21:15][progress/match] game=breakthrough pair=neural_mcts:token_mlp__vs__random round=3/20 winner=b score_a=0.0 score_b=100.0 round_time=00:28 series_elapsed=01:03 series_eta=06:01
[2026-03-28 05:21:38][progress/match] game=breakthrough pair=neural_mcts:token_mlp__vs__random round=4/20 winner=a score_a=100.0 score_b=0.0 round_time=00:22 series_elapsed=01:26 series_eta=05:46
[2026-03-28 05:21:58][progress/match] game=breakthrough pair=neural_mcts:token_mlp__vs__random round=5/20 winner=a score_a=100.0 score_b=0.0 round_time=00:20 series_elapsed=01:46 series_eta=05:20
[2026-03-28 05:22:22][progress/match] game=breakthrough pair=neural_mcts:token_mlp__vs__random round=6/20 winner=a score_a=100.0 score_b=0.0 round_time=00:24 series_elapsed=02:11 series_eta=05:06
[2026-03-28 05:22:31][progress/match] game=breakthrough pair=neural_mcts:token_mlp__vs__random round=7/20 winner=a score_a=100.0 score_b=0.0 round_time=00:08 series_elapsed=02:19 series_eta=04:19
[2026-03-28 05:22:49][progress/match] game=breakthrough pair=neural_mcts:token_mlp__vs__random round=8/20 winner=b score_a=0.0 score_b=100.0 round_time=00:18 series_elapsed=02:38 series_eta=03:57
[2026-03-28 05:22:59][progress/match] game=breakthrough pair=neural_mcts:token_mlp__vs__random round=9/20 winner=a score_a=100.0 score_b=0.0 round_time=00:09 series_elapsed=02:47 series_eta=03:25
[2026-03-28 05:23:32][progress/match] game=breakthrough pair=neural_mcts:token_mlp__vs__random round=10/20 winner=a score_a=100.0 score_b=0.0 round_time=00:32 series_elapsed=03:20 series_eta=03:20
[2026-03-28 05:23:40][progress/match] game=breakthrough pair=neural_mcts:token_mlp__vs__random round=11/20 winner=a score_a=100.0 score_b=0.0 round_time=00:08 series_elapsed=03:29 series_eta=02:51
[2026-03-28 05:24:06][progress/match] game=breakthrough pair=neural_mcts:token_mlp__vs__random round=12/20 winner=a score_a=100.0 score_b=0.0 round_time=00:25 series_elapsed=03:55 series_eta=02:36
[2026-03-28 05:24:18][progress/match] game=breakthrough pair=neural_mcts:token_mlp__vs__random round=13/20 winner=a score_a=100.0 score_b=0.0 round_time=00:12 series_elapsed=04:07 series_eta=02:13
[2026-03-28 05:24:45][progress/match] game=breakthrough pair=neural_mcts:token_mlp__vs__random round=14/20 winner=b score_a=0.0 score_b=100.0 round_time=00:27 series_elapsed=04:34 series_eta=01:57
[2026-03-28 05:25:00][progress/match] game=breakthrough pair=neural_mcts:token_mlp__vs__random round=15/20 winner=a score_a=100.0 score_b=0.0 round_time=00:15 series_elapsed=04:49 series_eta=01:36
[2026-03-28 05:25:24][progress/match] game=breakthrough pair=neural_mcts:token_mlp__vs__random round=16/20 winner=a score_a=100.0 score_b=0.0 round_time=00:23 series_elapsed=05:13 series_eta=01:18
[2026-03-28 05:25:31][progress/match] game=breakthrough pair=neural_mcts:token_mlp__vs__random round=17/20 winner=a score_a=100.0 score_b=0.0 round_time=00:07 series_elapsed=05:20 series_eta=00:56
[2026-03-28 05:25:56][progress/match] game=breakthrough pair=neural_mcts:token_mlp__vs__random round=18/20 winner=a score_a=100.0 score_b=0.0 round_time=00:25 series_elapsed=05:45 series_eta=00:38
[2026-03-28 05:26:08][progress/match] game=breakthrough pair=neural_mcts:token_mlp__vs__random round=19/20 winner=a score_a=100.0 score_b=0.0 round_time=00:12 series_elapsed=05:57 series_eta=00:18
[2026-03-28 05:26:37][progress/match] game=breakthrough pair=neural_mcts:token_mlp__vs__random round=20/20 winner=b score_a=0.0 score_b=100.0 round_time=00:28 series_elapsed=06:26 series_eta=00:00
[2026-03-28 05:26:37][progress/series-end] game=breakthrough pair=neural_mcts:token_mlp__vs__random elapsed=06:26 rounds=20
[2026-03-28 05:26:37][progress/group-end] 9/9 game=breakthrough pair=neural_mcts:token_mlp__vs__random group_elapsed=06:26 grid_elapsed=22:17 grid_eta=00:00
[2026-03-28 05:26:37][progress/grid-end] groups=9 total_elapsed=22:17
[2026-03-28 05:26:37][TS_F_overhead_analysis] finished output=outputs4two_stage/experiments/TS_F_overhead_analysis_final_tau1e4_v0_b8
