[2026-03-26 21:36:16][TS_B_time_budget_sensitivity] start artifacts=outputs4two_stage/artifacts/two_stage_artifacts.json device=cuda games=1 time_budgets=[0.2, 0.7, 1.5] rounds=20 iterations=120
[2026-03-26 21:36:16][TS_B_time_budget_sensitivity] time_budget-start 1/3 budget=0.2
[2026-03-26 21:36:16][progress/grid-start] groups=2 games=1 pairs=2 rounds=20 device=cuda
[2026-03-26 21:36:16][progress/group-start] 1/2 game=breakthrough pair=neural_mcts:token_transformer__vs__neural_mcts:token_mlp
[2026-03-26 21:36:16][progress/series-start] game=breakthrough pair=neural_mcts:token_transformer__vs__neural_mcts:token_mlp rounds=20 playclock=0.2 iterations=120
E:\yc_guaduate_project\graduation_thesis\src\nn\inference.py:43: FutureWarning: You are using `torch.load` with `weights_only=False` (the current default value), which uses the default pickle module implicitly. It is possible to construct malicious pickle data which will execute arbitrary code during unpickling (See https://github.com/pytorch/pytorch/blob/main/SECURITY.md#untrusted-models for more details). In a future release, the default value for `weights_only` will be flipped to `True`. This limits the functions that could be executed during unpickling. Arbitrary objects will no longer be allowed to be loaded via this mode unless they are explicitly allowlisted by the user via `torch.serialization.add_safe_globals`. We recommend you start setting `weights_only=True` for any use case where you don't have full control of the loaded file. Please open an issue on GitHub for any issues related to this experimental feature.
  checkpoint = torch.load(model_path, map_location=device)
D:\anaconda\envs\ggp_thesis\Lib\site-packages\torch\nn\modules\transformer.py:502: UserWarning: The PyTorch API of nested tensors is in prototype stage and will change in the near future. (Triggered internally at C:\cb\pytorch_1000000000000\work\aten\src\ATen\NestedTensorImpl.cpp:180.)
  output = torch._nested_tensor_from_mask(
[2026-03-26 21:36:36][progress/match] game=breakthrough pair=neural_mcts:token_transformer__vs__neural_mcts:token_mlp round=1/20 winner=b score_a=0.0 score_b=100.0 round_time=00:19 series_elapsed=00:19 series_eta=06:10
[2026-03-26 21:36:40][progress/match] game=breakthrough pair=neural_mcts:token_transformer__vs__neural_mcts:token_mlp round=2/20 winner=b score_a=0.0 score_b=100.0 round_time=00:03 series_elapsed=00:23 series_eta=03:31
[2026-03-26 21:36:55][progress/match] game=breakthrough pair=neural_mcts:token_transformer__vs__neural_mcts:token_mlp round=3/20 winner=a score_a=100.0 score_b=0.0 round_time=00:14 series_elapsed=00:38 series_eta=03:36
[2026-03-26 21:36:57][progress/match] game=breakthrough pair=neural_mcts:token_transformer__vs__neural_mcts:token_mlp round=4/20 winner=a score_a=100.0 score_b=0.0 round_time=00:02 series_elapsed=00:40 series_eta=02:43
[2026-03-26 21:37:11][progress/match] game=breakthrough pair=neural_mcts:token_transformer__vs__neural_mcts:token_mlp round=5/20 winner=a score_a=100.0 score_b=0.0 round_time=00:13 series_elapsed=00:54 series_eta=02:44
[2026-03-26 21:37:16][progress/match] game=breakthrough pair=neural_mcts:token_transformer__vs__neural_mcts:token_mlp round=6/20 winner=a score_a=100.0 score_b=0.0 round_time=00:04 series_elapsed=00:59 series_eta=02:18
[2026-03-26 21:37:35][progress/match] game=breakthrough pair=neural_mcts:token_transformer__vs__neural_mcts:token_mlp round=7/20 winner=a score_a=100.0 score_b=0.0 round_time=00:19 series_elapsed=01:18 series_eta=02:26
[2026-03-26 21:37:38][progress/match] game=breakthrough pair=neural_mcts:token_transformer__vs__neural_mcts:token_mlp round=8/20 winner=a score_a=100.0 score_b=0.0 round_time=00:02 series_elapsed=01:21 series_eta=02:02
[2026-03-26 21:37:57][progress/match] game=breakthrough pair=neural_mcts:token_transformer__vs__neural_mcts:token_mlp round=9/20 winner=b score_a=0.0 score_b=100.0 round_time=00:18 series_elapsed=01:40 series_eta=02:02
[2026-03-26 21:38:00][progress/match] game=breakthrough pair=neural_mcts:token_transformer__vs__neural_mcts:token_mlp round=10/20 winner=b score_a=0.0 score_b=100.0 round_time=00:03 series_elapsed=01:43 series_eta=01:43
[2026-03-26 21:38:19][progress/match] game=breakthrough pair=neural_mcts:token_transformer__vs__neural_mcts:token_mlp round=11/20 winner=a score_a=100.0 score_b=0.0 round_time=00:18 series_elapsed=02:02 series_eta=01:40
[2026-03-26 21:38:21][progress/match] game=breakthrough pair=neural_mcts:token_transformer__vs__neural_mcts:token_mlp round=12/20 winner=a score_a=100.0 score_b=0.0 round_time=00:02 series_elapsed=02:04 series_eta=01:23
[2026-03-26 21:38:36][progress/match] game=breakthrough pair=neural_mcts:token_transformer__vs__neural_mcts:token_mlp round=13/20 winner=a score_a=100.0 score_b=0.0 round_time=00:14 series_elapsed=02:19 series_eta=01:15
[2026-03-26 21:38:39][progress/match] game=breakthrough pair=neural_mcts:token_transformer__vs__neural_mcts:token_mlp round=14/20 winner=a score_a=100.0 score_b=0.0 round_time=00:02 series_elapsed=02:22 series_eta=01:00
[2026-03-26 21:38:59][progress/match] game=breakthrough pair=neural_mcts:token_transformer__vs__neural_mcts:token_mlp round=15/20 winner=b score_a=0.0 score_b=100.0 round_time=00:20 series_elapsed=02:43 series_eta=00:54
[2026-03-26 21:39:02][progress/match] game=breakthrough pair=neural_mcts:token_transformer__vs__neural_mcts:token_mlp round=16/20 winner=a score_a=100.0 score_b=0.0 round_time=00:02 series_elapsed=02:45 series_eta=00:41
[2026-03-26 21:39:16][progress/match] game=breakthrough pair=neural_mcts:token_transformer__vs__neural_mcts:token_mlp round=17/20 winner=a score_a=100.0 score_b=0.0 round_time=00:13 series_elapsed=02:59 series_eta=00:31
[2026-03-26 21:39:19][progress/match] game=breakthrough pair=neural_mcts:token_transformer__vs__neural_mcts:token_mlp round=18/20 winner=a score_a=100.0 score_b=0.0 round_time=00:03 series_elapsed=03:02 series_eta=00:20
[2026-03-26 21:39:36][progress/match] game=breakthrough pair=neural_mcts:token_transformer__vs__neural_mcts:token_mlp round=19/20 winner=b score_a=0.0 score_b=100.0 round_time=00:17 series_elapsed=03:19 series_eta=00:10
[2026-03-26 21:39:39][progress/match] game=breakthrough pair=neural_mcts:token_transformer__vs__neural_mcts:token_mlp round=20/20 winner=a score_a=100.0 score_b=0.0 round_time=00:02 series_elapsed=03:22 series_eta=00:00
[2026-03-26 21:39:39][progress/series-end] game=breakthrough pair=neural_mcts:token_transformer__vs__neural_mcts:token_mlp elapsed=03:22 rounds=20
[2026-03-26 21:39:39][progress/group-end] 1/2 game=breakthrough pair=neural_mcts:token_transformer__vs__neural_mcts:token_mlp group_elapsed=03:22 grid_elapsed=03:22 grid_eta=03:22
[2026-03-26 21:39:39][progress/group-start] 2/2 game=breakthrough pair=two_stage_neural_mcts__vs__neural_mcts:token_transformer
[2026-03-26 21:39:39][progress/series-start] game=breakthrough pair=two_stage_neural_mcts__vs__neural_mcts:token_transformer rounds=20 playclock=0.2 iterations=120
[2026-03-26 21:39:42][progress/match] game=breakthrough pair=two_stage_neural_mcts__vs__neural_mcts:token_transformer round=1/20 winner=b score_a=0.0 score_b=100.0 round_time=00:02 series_elapsed=00:02 series_eta=00:55
[2026-03-26 21:40:00][progress/match] game=breakthrough pair=two_stage_neural_mcts__vs__neural_mcts:token_transformer round=2/20 winner=a score_a=100.0 score_b=0.0 round_time=00:18 series_elapsed=00:21 series_eta=03:11
[2026-03-26 21:40:03][progress/match] game=breakthrough pair=two_stage_neural_mcts__vs__neural_mcts:token_transformer round=3/20 winner=b score_a=0.0 score_b=100.0 round_time=00:02 series_elapsed=00:23 series_eta=02:14
[2026-03-26 21:40:21][progress/match] game=breakthrough pair=two_stage_neural_mcts__vs__neural_mcts:token_transformer round=4/20 winner=b score_a=0.0 score_b=100.0 round_time=00:18 series_elapsed=00:41 series_eta=02:47
[2026-03-26 21:40:23][progress/match] game=breakthrough pair=two_stage_neural_mcts__vs__neural_mcts:token_transformer round=5/20 winner=a score_a=100.0 score_b=0.0 round_time=00:02 series_elapsed=00:44 series_eta=02:13
[2026-03-26 21:40:39][progress/match] game=breakthrough pair=two_stage_neural_mcts__vs__neural_mcts:token_transformer round=6/20 winner=b score_a=0.0 score_b=100.0 round_time=00:16 series_elapsed=01:00 series_eta=02:21
[2026-03-26 21:40:43][progress/match] game=breakthrough pair=two_stage_neural_mcts__vs__neural_mcts:token_transformer round=7/20 winner=a score_a=100.0 score_b=0.0 round_time=00:03 series_elapsed=01:04 series_eta=01:59
[2026-03-26 21:41:03][progress/match] game=breakthrough pair=two_stage_neural_mcts__vs__neural_mcts:token_transformer round=8/20 winner=a score_a=100.0 score_b=0.0 round_time=00:19 series_elapsed=01:23 series_eta=02:05
[2026-03-26 21:41:05][progress/match] game=breakthrough pair=two_stage_neural_mcts__vs__neural_mcts:token_transformer round=9/20 winner=b score_a=0.0 score_b=100.0 round_time=00:02 series_elapsed=01:26 series_eta=01:45
[2026-03-26 21:41:24][progress/match] game=breakthrough pair=two_stage_neural_mcts__vs__neural_mcts:token_transformer round=10/20 winner=b score_a=0.0 score_b=100.0 round_time=00:18 series_elapsed=01:45 series_eta=01:45
[2026-03-26 21:41:27][progress/match] game=breakthrough pair=two_stage_neural_mcts__vs__neural_mcts:token_transformer round=11/20 winner=b score_a=0.0 score_b=100.0 round_time=00:02 series_elapsed=01:48 series_eta=01:28
[2026-03-26 21:41:43][progress/match] game=breakthrough pair=two_stage_neural_mcts__vs__neural_mcts:token_transformer round=12/20 winner=b score_a=0.0 score_b=100.0 round_time=00:16 series_elapsed=02:04 series_eta=01:23
[2026-03-26 21:41:46][progress/match] game=breakthrough pair=two_stage_neural_mcts__vs__neural_mcts:token_transformer round=13/20 winner=b score_a=0.0 score_b=100.0 round_time=00:02 series_elapsed=02:07 series_eta=01:08
[2026-03-26 21:42:03][progress/match] game=breakthrough pair=two_stage_neural_mcts__vs__neural_mcts:token_transformer round=14/20 winner=b score_a=0.0 score_b=100.0 round_time=00:16 series_elapsed=02:24 series_eta=01:01
[2026-03-26 21:42:06][progress/match] game=breakthrough pair=two_stage_neural_mcts__vs__neural_mcts:token_transformer round=15/20 winner=a score_a=100.0 score_b=0.0 round_time=00:03 series_elapsed=02:27 series_eta=00:49
[2026-03-26 21:42:22][progress/match] game=breakthrough pair=two_stage_neural_mcts__vs__neural_mcts:token_transformer round=16/20 winner=b score_a=0.0 score_b=100.0 round_time=00:16 series_elapsed=02:43 series_eta=00:40
[2026-03-26 21:42:26][progress/match] game=breakthrough pair=two_stage_neural_mcts__vs__neural_mcts:token_transformer round=17/20 winner=a score_a=100.0 score_b=0.0 round_time=00:03 series_elapsed=02:47 series_eta=00:29
[2026-03-26 21:42:41][progress/match] game=breakthrough pair=two_stage_neural_mcts__vs__neural_mcts:token_transformer round=18/20 winner=b score_a=0.0 score_b=100.0 round_time=00:14 series_elapsed=03:02 series_eta=00:20
[2026-03-26 21:42:44][progress/match] game=breakthrough pair=two_stage_neural_mcts__vs__neural_mcts:token_transformer round=19/20 winner=b score_a=0.0 score_b=100.0 round_time=00:02 series_elapsed=03:05 series_eta=00:09
[2026-03-26 21:42:55][progress/match] game=breakthrough pair=two_stage_neural_mcts__vs__neural_mcts:token_transformer round=20/20 winner=a score_a=100.0 score_b=0.0 round_time=00:10 series_elapsed=03:16 series_eta=00:00
[2026-03-26 21:42:55][progress/series-end] game=breakthrough pair=two_stage_neural_mcts__vs__neural_mcts:token_transformer elapsed=03:16 rounds=20
[2026-03-26 21:42:55][progress/group-end] 2/2 game=breakthrough pair=two_stage_neural_mcts__vs__neural_mcts:token_transformer group_elapsed=03:16 grid_elapsed=06:38 grid_eta=00:00
[2026-03-26 21:42:55][progress/grid-end] groups=2 total_elapsed=06:38
[2026-03-26 21:42:55][TS_B_time_budget_sensitivity] time_budget-end 1/3 budget=0.2 raw_rows_total=40 summary_rows_total=2
[2026-03-26 21:42:55][TS_B_time_budget_sensitivity] time_budget-start 2/3 budget=0.7
[2026-03-26 21:42:55][progress/grid-start] groups=2 games=1 pairs=2 rounds=20 device=cuda
[2026-03-26 21:42:55][progress/group-start] 1/2 game=breakthrough pair=neural_mcts:token_transformer__vs__neural_mcts:token_mlp
[2026-03-26 21:42:55][progress/series-start] game=breakthrough pair=neural_mcts:token_transformer__vs__neural_mcts:token_mlp rounds=20 playclock=0.7 iterations=120
[2026-03-26 21:43:33][progress/match] game=breakthrough pair=neural_mcts:token_transformer__vs__neural_mcts:token_mlp round=1/20 winner=a score_a=100.0 score_b=0.0 round_time=00:37 series_elapsed=00:37 series_eta=11:50
[2026-03-26 21:43:51][progress/match] game=breakthrough pair=neural_mcts:token_transformer__vs__neural_mcts:token_mlp round=2/20 winner=b score_a=0.0 score_b=100.0 round_time=00:18 series_elapsed=00:56 series_eta=08:27
[2026-03-26 21:44:32][progress/match] game=breakthrough pair=neural_mcts:token_transformer__vs__neural_mcts:token_mlp round=3/20 winner=b score_a=0.0 score_b=100.0 round_time=00:40 series_elapsed=01:37 series_eta=09:10
[2026-03-26 21:44:49][progress/match] game=breakthrough pair=neural_mcts:token_transformer__vs__neural_mcts:token_mlp round=4/20 winner=a score_a=100.0 score_b=0.0 round_time=00:16 series_elapsed=01:54 series_eta=07:36
[2026-03-26 21:44:58][progress/match] game=breakthrough pair=neural_mcts:token_transformer__vs__neural_mcts:token_mlp round=5/20 winner=a score_a=100.0 score_b=0.0 round_time=00:09 series_elapsed=02:03 series_eta=06:10
[2026-03-26 21:45:18][progress/match] game=breakthrough pair=neural_mcts:token_transformer__vs__neural_mcts:token_mlp round=6/20 winner=a score_a=100.0 score_b=0.0 round_time=00:19 series_elapsed=02:23 series_eta=05:34
[2026-03-26 21:45:47][progress/match] game=breakthrough pair=neural_mcts:token_transformer__vs__neural_mcts:token_mlp round=7/20 winner=a score_a=100.0 score_b=0.0 round_time=00:28 series_elapsed=02:52 series_eta=05:19
[2026-03-26 21:46:24][progress/match] game=breakthrough pair=neural_mcts:token_transformer__vs__neural_mcts:token_mlp round=8/20 winner=b score_a=0.0 score_b=100.0 round_time=00:37 series_elapsed=03:29 series_eta=05:14
[2026-03-26 21:46:38][progress/match] game=breakthrough pair=neural_mcts:token_transformer__vs__neural_mcts:token_mlp round=9/20 winner=a score_a=100.0 score_b=0.0 round_time=00:13 series_elapsed=03:42 series_eta=04:32
[2026-03-26 21:46:48][progress/match] game=breakthrough pair=neural_mcts:token_transformer__vs__neural_mcts:token_mlp round=10/20 winner=a score_a=100.0 score_b=0.0 round_time=00:09 series_elapsed=03:52 series_eta=03:52
[2026-03-26 21:47:18][progress/match] game=breakthrough pair=neural_mcts:token_transformer__vs__neural_mcts:token_mlp round=11/20 winner=a score_a=100.0 score_b=0.0 round_time=00:30 series_elapsed=04:22 series_eta=03:35
[2026-03-26 21:47:47][progress/match] game=breakthrough pair=neural_mcts:token_transformer__vs__neural_mcts:token_mlp round=12/20 winner=b score_a=0.0 score_b=100.0 round_time=00:28 series_elapsed=04:51 series_eta=03:14
[2026-03-26 21:48:23][progress/match] game=breakthrough pair=neural_mcts:token_transformer__vs__neural_mcts:token_mlp round=13/20 winner=a score_a=100.0 score_b=0.0 round_time=00:35 series_elapsed=05:27 series_eta=02:56
[2026-03-26 21:48:42][progress/match] game=breakthrough pair=neural_mcts:token_transformer__vs__neural_mcts:token_mlp round=14/20 winner=b score_a=0.0 score_b=100.0 round_time=00:18 series_elapsed=05:46 series_eta=02:28
[2026-03-26 21:49:16][progress/match] game=breakthrough pair=neural_mcts:token_transformer__vs__neural_mcts:token_mlp round=15/20 winner=a score_a=100.0 score_b=0.0 round_time=00:34 series_elapsed=06:21 series_eta=02:07
[2026-03-26 21:49:39][progress/match] game=breakthrough pair=neural_mcts:token_transformer__vs__neural_mcts:token_mlp round=16/20 winner=a score_a=100.0 score_b=0.0 round_time=00:22 series_elapsed=06:43 series_eta=01:40
[2026-03-26 21:50:19][progress/match] game=breakthrough pair=neural_mcts:token_transformer__vs__neural_mcts:token_mlp round=17/20 winner=a score_a=100.0 score_b=0.0 round_time=00:40 series_elapsed=07:24 series_eta=01:18
[2026-03-26 21:50:49][progress/match] game=breakthrough pair=neural_mcts:token_transformer__vs__neural_mcts:token_mlp round=18/20 winner=b score_a=0.0 score_b=100.0 round_time=00:30 series_elapsed=07:54 series_eta=00:52
[2026-03-26 21:51:35][progress/match] game=breakthrough pair=neural_mcts:token_transformer__vs__neural_mcts:token_mlp round=19/20 winner=b score_a=0.0 score_b=100.0 round_time=00:45 series_elapsed=08:39 series_eta=00:27
[2026-03-26 21:52:09][progress/match] game=breakthrough pair=neural_mcts:token_transformer__vs__neural_mcts:token_mlp round=20/20 winner=a score_a=100.0 score_b=0.0 round_time=00:33 series_elapsed=09:13 series_eta=00:00
[2026-03-26 21:52:09][progress/series-end] game=breakthrough pair=neural_mcts:token_transformer__vs__neural_mcts:token_mlp elapsed=09:13 rounds=20
[2026-03-26 21:52:09][progress/group-end] 1/2 game=breakthrough pair=neural_mcts:token_transformer__vs__neural_mcts:token_mlp group_elapsed=09:13 grid_elapsed=09:13 grid_eta=09:13
[2026-03-26 21:52:09][progress/group-start] 2/2 game=breakthrough pair=two_stage_neural_mcts__vs__neural_mcts:token_transformer
[2026-03-26 21:52:09][progress/series-start] game=breakthrough pair=two_stage_neural_mcts__vs__neural_mcts:token_transformer rounds=20 playclock=0.7 iterations=120
[2026-03-26 21:53:14][progress/match] game=breakthrough pair=two_stage_neural_mcts__vs__neural_mcts:token_transformer round=1/20 winner=a score_a=100.0 score_b=0.0 round_time=01:05 series_elapsed=01:05 series_eta=20:37
[2026-03-26 21:53:33][progress/match] game=breakthrough pair=two_stage_neural_mcts__vs__neural_mcts:token_transformer round=2/20 winner=b score_a=0.0 score_b=100.0 round_time=00:19 series_elapsed=01:24 series_eta=12:40
[2026-03-26 21:54:41][progress/match] game=breakthrough pair=two_stage_neural_mcts__vs__neural_mcts:token_transformer round=3/20 winner=a score_a=100.0 score_b=0.0 round_time=01:07 series_elapsed=02:32 series_eta=14:22
[2026-03-26 21:54:59][progress/match] game=breakthrough pair=two_stage_neural_mcts__vs__neural_mcts:token_transformer round=4/20 winner=b score_a=0.0 score_b=100.0 round_time=00:17 series_elapsed=02:50 series_eta=11:20
[2026-03-26 21:55:45][progress/match] game=breakthrough pair=two_stage_neural_mcts__vs__neural_mcts:token_transformer round=5/20 winner=a score_a=100.0 score_b=0.0 round_time=00:46 series_elapsed=03:36 series_eta=10:50
[2026-03-26 21:56:03][progress/match] game=breakthrough pair=two_stage_neural_mcts__vs__neural_mcts:token_transformer round=6/20 winner=b score_a=0.0 score_b=100.0 round_time=00:17 series_elapsed=03:54 series_eta=09:07
[2026-03-26 21:56:39][progress/match] game=breakthrough pair=two_stage_neural_mcts__vs__neural_mcts:token_transformer round=7/20 winner=b score_a=0.0 score_b=100.0 round_time=00:35 series_elapsed=04:30 series_eta=08:21
[2026-03-26 21:57:04][progress/match] game=breakthrough pair=two_stage_neural_mcts__vs__neural_mcts:token_transformer round=8/20 winner=b score_a=0.0 score_b=100.0 round_time=00:25 series_elapsed=04:55 series_eta=07:23
[2026-03-26 21:57:29][progress/match] game=breakthrough pair=two_stage_neural_mcts__vs__neural_mcts:token_transformer round=9/20 winner=a score_a=100.0 score_b=0.0 round_time=00:25 series_elapsed=05:20 series_eta=06:31
[2026-03-26 21:57:43][progress/match] game=breakthrough pair=two_stage_neural_mcts__vs__neural_mcts:token_transformer round=10/20 winner=b score_a=0.0 score_b=100.0 round_time=00:13 series_elapsed=05:34 series_eta=05:34
[2026-03-26 21:58:35][progress/match] game=breakthrough pair=two_stage_neural_mcts__vs__neural_mcts:token_transformer round=11/20 winner=a score_a=100.0 score_b=0.0 round_time=00:52 series_elapsed=06:26 series_eta=05:16
[2026-03-26 21:58:53][progress/match] game=breakthrough pair=two_stage_neural_mcts__vs__neural_mcts:token_transformer round=12/20 winner=b score_a=0.0 score_b=100.0 round_time=00:18 series_elapsed=06:44 series_eta=04:29
[2026-03-26 21:59:45][progress/match] game=breakthrough pair=two_stage_neural_mcts__vs__neural_mcts:token_transformer round=13/20 winner=a score_a=100.0 score_b=0.0 round_time=00:52 series_elapsed=07:36 series_eta=04:05
[2026-03-26 22:00:02][progress/match] game=breakthrough pair=two_stage_neural_mcts__vs__neural_mcts:token_transformer round=14/20 winner=b score_a=0.0 score_b=100.0 round_time=00:16 series_elapsed=07:53 series_eta=03:22
[2026-03-26 22:00:57][progress/match] game=breakthrough pair=two_stage_neural_mcts__vs__neural_mcts:token_transformer round=15/20 winner=a score_a=100.0 score_b=0.0 round_time=00:55 series_elapsed=08:48 series_eta=02:56
[2026-03-26 22:01:12][progress/match] game=breakthrough pair=two_stage_neural_mcts__vs__neural_mcts:token_transformer round=16/20 winner=b score_a=0.0 score_b=100.0 round_time=00:15 series_elapsed=09:03 series_eta=02:15
[2026-03-26 22:02:01][progress/match] game=breakthrough pair=two_stage_neural_mcts__vs__neural_mcts:token_transformer round=17/20 winner=a score_a=100.0 score_b=0.0 round_time=00:49 series_elapsed=09:52 series_eta=01:44
[2026-03-26 22:02:21][progress/match] game=breakthrough pair=two_stage_neural_mcts__vs__neural_mcts:token_transformer round=18/20 winner=b score_a=0.0 score_b=100.0 round_time=00:19 series_elapsed=10:12 series_eta=01:08
[2026-03-26 22:02:54][progress/match] game=breakthrough pair=two_stage_neural_mcts__vs__neural_mcts:token_transformer round=19/20 winner=b score_a=0.0 score_b=100.0 round_time=00:32 series_elapsed=10:45 series_eta=00:33
[2026-03-26 22:03:09][progress/match] game=breakthrough pair=two_stage_neural_mcts__vs__neural_mcts:token_transformer round=20/20 winner=b score_a=0.0 score_b=100.0 round_time=00:15 series_elapsed=11:00 series_eta=00:00
[2026-03-26 22:03:09][progress/series-end] game=breakthrough pair=two_stage_neural_mcts__vs__neural_mcts:token_transformer elapsed=11:00 rounds=20
[2026-03-26 22:03:09][progress/group-end] 2/2 game=breakthrough pair=two_stage_neural_mcts__vs__neural_mcts:token_transformer group_elapsed=11:00 grid_elapsed=20:13 grid_eta=00:00
[2026-03-26 22:03:09][progress/grid-end] groups=2 total_elapsed=20:13
[2026-03-26 22:03:09][TS_B_time_budget_sensitivity] time_budget-end 2/3 budget=0.7 raw_rows_total=80 summary_rows_total=4
[2026-03-26 22:03:09][TS_B_time_budget_sensitivity] time_budget-start 3/3 budget=1.5
[2026-03-26 22:03:09][progress/grid-start] groups=2 games=1 pairs=2 rounds=20 device=cuda
[2026-03-26 22:03:09][progress/group-start] 1/2 game=breakthrough pair=neural_mcts:token_transformer__vs__neural_mcts:token_mlp
[2026-03-26 22:03:09][progress/series-start] game=breakthrough pair=neural_mcts:token_transformer__vs__neural_mcts:token_mlp rounds=20 playclock=1.5 iterations=120
[2026-03-26 22:04:11][progress/match] game=breakthrough pair=neural_mcts:token_transformer__vs__neural_mcts:token_mlp round=1/20 winner=a score_a=100.0 score_b=0.0 round_time=01:01 series_elapsed=01:01 series_eta=19:34
[2026-03-26 22:05:13][progress/match] game=breakthrough pair=neural_mcts:token_transformer__vs__neural_mcts:token_mlp round=2/20 winner=b score_a=0.0 score_b=100.0 round_time=01:02 series_elapsed=02:04 series_eta=18:36
[2026-03-26 22:05:46][progress/match] game=breakthrough pair=neural_mcts:token_transformer__vs__neural_mcts:token_mlp round=3/20 winner=a score_a=100.0 score_b=0.0 round_time=00:33 series_elapsed=02:37 series_eta=14:52
[2026-03-26 22:06:44][progress/match] game=breakthrough pair=neural_mcts:token_transformer__vs__neural_mcts:token_mlp round=4/20 winner=a score_a=100.0 score_b=0.0 round_time=00:57 series_elapsed=03:35 series_eta=14:21
[2026-03-26 22:07:40][progress/match] game=breakthrough pair=neural_mcts:token_transformer__vs__neural_mcts:token_mlp round=5/20 winner=a score_a=100.0 score_b=0.0 round_time=00:55 series_elapsed=04:30 series_eta=13:32
[2026-03-26 22:08:53][progress/match] game=breakthrough pair=neural_mcts:token_transformer__vs__neural_mcts:token_mlp round=6/20 winner=a score_a=100.0 score_b=0.0 round_time=01:13 series_elapsed=05:44 series_eta=13:24
[2026-03-26 22:09:40][progress/match] game=breakthrough pair=neural_mcts:token_transformer__vs__neural_mcts:token_mlp round=7/20 winner=b score_a=0.0 score_b=100.0 round_time=00:47 series_elapsed=06:31 series_eta=12:07
[2026-03-26 22:10:24][progress/match] game=breakthrough pair=neural_mcts:token_transformer__vs__neural_mcts:token_mlp round=8/20 winner=a score_a=100.0 score_b=0.0 round_time=00:43 series_elapsed=07:15 series_eta=10:53
[2026-03-26 22:10:55][progress/match] game=breakthrough pair=neural_mcts:token_transformer__vs__neural_mcts:token_mlp round=9/20 winner=a score_a=100.0 score_b=0.0 round_time=00:30 series_elapsed=07:46 series_eta=09:29
[2026-03-26 22:12:13][progress/match] game=breakthrough pair=neural_mcts:token_transformer__vs__neural_mcts:token_mlp round=10/20 winner=b score_a=0.0 score_b=100.0 round_time=01:18 series_elapsed=09:04 series_eta=09:04
[2026-03-26 22:12:46][progress/match] game=breakthrough pair=neural_mcts:token_transformer__vs__neural_mcts:token_mlp round=11/20 winner=a score_a=100.0 score_b=0.0 round_time=00:33 series_elapsed=09:37 series_eta=07:52
[2026-03-26 22:14:11][progress/match] game=breakthrough pair=neural_mcts:token_transformer__vs__neural_mcts:token_mlp round=12/20 winner=b score_a=0.0 score_b=100.0 round_time=01:25 series_elapsed=11:02 series_eta=07:21
[2026-03-26 22:14:41][progress/match] game=breakthrough pair=neural_mcts:token_transformer__vs__neural_mcts:token_mlp round=13/20 winner=b score_a=0.0 score_b=100.0 round_time=00:29 series_elapsed=11:31 series_eta=06:12
[2026-03-26 22:15:42][progress/match] game=breakthrough pair=neural_mcts:token_transformer__vs__neural_mcts:token_mlp round=14/20 winner=a score_a=100.0 score_b=0.0 round_time=01:00 series_elapsed=12:32 series_eta=05:22
[2026-03-26 22:16:10][progress/match] game=breakthrough pair=neural_mcts:token_transformer__vs__neural_mcts:token_mlp round=15/20 winner=a score_a=100.0 score_b=0.0 round_time=00:27 series_elapsed=13:00 series_eta=04:20
[2026-03-26 22:16:58][progress/match] game=breakthrough pair=neural_mcts:token_transformer__vs__neural_mcts:token_mlp round=16/20 winner=b score_a=0.0 score_b=100.0 round_time=00:47 series_elapsed=13:48 series_eta=03:27
[2026-03-26 22:17:28][progress/match] game=breakthrough pair=neural_mcts:token_transformer__vs__neural_mcts:token_mlp round=17/20 winner=a score_a=100.0 score_b=0.0 round_time=00:30 series_elapsed=14:19 series_eta=02:31
[2026-03-26 22:18:23][progress/match] game=breakthrough pair=neural_mcts:token_transformer__vs__neural_mcts:token_mlp round=18/20 winner=b score_a=0.0 score_b=100.0 round_time=00:55 series_elapsed=15:14 series_eta=01:41
[2026-03-26 22:19:26][progress/match] game=breakthrough pair=neural_mcts:token_transformer__vs__neural_mcts:token_mlp round=19/20 winner=a score_a=100.0 score_b=0.0 round_time=01:02 series_elapsed=16:17 series_eta=00:51
[2026-03-26 22:20:29][progress/match] game=breakthrough pair=neural_mcts:token_transformer__vs__neural_mcts:token_mlp round=20/20 winner=b score_a=0.0 score_b=100.0 round_time=01:02 series_elapsed=17:20 series_eta=00:00
[2026-03-26 22:20:29][progress/series-end] game=breakthrough pair=neural_mcts:token_transformer__vs__neural_mcts:token_mlp elapsed=17:20 rounds=20
[2026-03-26 22:20:29][progress/group-end] 1/2 game=breakthrough pair=neural_mcts:token_transformer__vs__neural_mcts:token_mlp group_elapsed=17:20 grid_elapsed=17:20 grid_eta=17:20
[2026-03-26 22:20:29][progress/group-start] 2/2 game=breakthrough pair=two_stage_neural_mcts__vs__neural_mcts:token_transformer
[2026-03-26 22:20:29][progress/series-start] game=breakthrough pair=two_stage_neural_mcts__vs__neural_mcts:token_transformer rounds=20 playclock=1.5 iterations=120
[2026-03-26 22:21:19][progress/match] game=breakthrough pair=two_stage_neural_mcts__vs__neural_mcts:token_transformer round=1/20 winner=b score_a=0.0 score_b=100.0 round_time=00:49 series_elapsed=00:49 series_eta=15:43
[2026-03-26 22:22:15][progress/match] game=breakthrough pair=two_stage_neural_mcts__vs__neural_mcts:token_transformer round=2/20 winner=b score_a=0.0 score_b=100.0 round_time=00:56 series_elapsed=01:46 series_eta=15:54
[2026-03-26 22:24:04][progress/match] game=breakthrough pair=two_stage_neural_mcts__vs__neural_mcts:token_transformer round=3/20 winner=a score_a=100.0 score_b=0.0 round_time=01:49 series_elapsed=03:35 series_eta=20:18
[2026-03-26 22:24:37][progress/match] game=breakthrough pair=two_stage_neural_mcts__vs__neural_mcts:token_transformer round=4/20 winner=b score_a=0.0 score_b=100.0 round_time=00:33 series_elapsed=04:08 series_eta=16:33
[2026-03-26 22:25:46][progress/match] game=breakthrough pair=two_stage_neural_mcts__vs__neural_mcts:token_transformer round=5/20 winner=a score_a=100.0 score_b=0.0 round_time=01:08 series_elapsed=05:17 series_eta=15:51
[2026-03-26 22:26:49][progress/match] game=breakthrough pair=two_stage_neural_mcts__vs__neural_mcts:token_transformer round=6/20 winner=a score_a=100.0 score_b=0.0 round_time=01:02 series_elapsed=06:19 series_eta=14:46
[2026-03-26 22:27:47][progress/match] game=breakthrough pair=two_stage_neural_mcts__vs__neural_mcts:token_transformer round=7/20 winner=a score_a=100.0 score_b=0.0 round_time=00:58 series_elapsed=07:18 series_eta=13:34
[2026-03-26 22:28:21][progress/match] game=breakthrough pair=two_stage_neural_mcts__vs__neural_mcts:token_transformer round=8/20 winner=b score_a=0.0 score_b=100.0 round_time=00:33 series_elapsed=07:52 series_eta=11:48
[2026-03-26 22:29:32][progress/match] game=breakthrough pair=two_stage_neural_mcts__vs__neural_mcts:token_transformer round=9/20 winner=a score_a=100.0 score_b=0.0 round_time=01:11 series_elapsed=09:03 series_eta=11:04
[2026-03-26 22:30:11][progress/match] game=breakthrough pair=two_stage_neural_mcts__vs__neural_mcts:token_transformer round=10/20 winner=b score_a=0.0 score_b=100.0 round_time=00:38 series_elapsed=09:42 series_eta=09:42
[2026-03-26 22:31:53][progress/match] game=breakthrough pair=two_stage_neural_mcts__vs__neural_mcts:token_transformer round=11/20 winner=b score_a=0.0 score_b=100.0 round_time=01:42 series_elapsed=11:24 series_eta=09:20
[2026-03-26 22:33:01][progress/match] game=breakthrough pair=two_stage_neural_mcts__vs__neural_mcts:token_transformer round=12/20 winner=a score_a=100.0 score_b=0.0 round_time=01:07 series_elapsed=12:32 series_eta=08:21
[2026-03-26 22:34:00][progress/match] game=breakthrough pair=two_stage_neural_mcts__vs__neural_mcts:token_transformer round=13/20 winner=a score_a=100.0 score_b=0.0 round_time=00:58 series_elapsed=13:31 series_eta=07:16
[2026-03-26 22:34:40][progress/match] game=breakthrough pair=two_stage_neural_mcts__vs__neural_mcts:token_transformer round=14/20 winner=a score_a=100.0 score_b=0.0 round_time=00:40 series_elapsed=14:11 series_eta=06:04
[2026-03-26 22:35:55][progress/match] game=breakthrough pair=two_stage_neural_mcts__vs__neural_mcts:token_transformer round=15/20 winner=b score_a=0.0 score_b=100.0 round_time=01:15 series_elapsed=15:26 series_eta=05:08
[2026-03-26 22:36:26][progress/match] game=breakthrough pair=two_stage_neural_mcts__vs__neural_mcts:token_transformer round=16/20 winner=b score_a=0.0 score_b=100.0 round_time=00:31 series_elapsed=15:57 series_eta=03:59
[2026-03-26 22:37:49][progress/match] game=breakthrough pair=two_stage_neural_mcts__vs__neural_mcts:token_transformer round=17/20 winner=b score_a=0.0 score_b=100.0 round_time=01:22 series_elapsed=17:19 series_eta=03:03
[2026-03-26 22:38:30][progress/match] game=breakthrough pair=two_stage_neural_mcts__vs__neural_mcts:token_transformer round=18/20 winner=b score_a=0.0 score_b=100.0 round_time=00:41 series_elapsed=18:00 series_eta=02:00
[2026-03-26 22:40:04][progress/match] game=breakthrough pair=two_stage_neural_mcts__vs__neural_mcts:token_transformer round=19/20 winner=b score_a=0.0 score_b=100.0 round_time=01:34 series_elapsed=19:35 series_eta=01:01
[2026-03-26 22:40:41][progress/match] game=breakthrough pair=two_stage_neural_mcts__vs__neural_mcts:token_transformer round=20/20 winner=b score_a=0.0 score_b=100.0 round_time=00:36 series_elapsed=20:11 series_eta=00:00
[2026-03-26 22:40:41][progress/series-end] game=breakthrough pair=two_stage_neural_mcts__vs__neural_mcts:token_transformer elapsed=20:11 rounds=20
[2026-03-26 22:40:41][progress/group-end] 2/2 game=breakthrough pair=two_stage_neural_mcts__vs__neural_mcts:token_transformer group_elapsed=20:11 grid_elapsed=37:31 grid_eta=00:00
[2026-03-26 22:40:41][progress/grid-end] groups=2 total_elapsed=37:31
[2026-03-26 22:40:41][TS_B_time_budget_sensitivity] time_budget-end 3/3 budget=1.5 raw_rows_total=120 summary_rows_total=6
[2026-03-26 22:40:41][TS_B_time_budget_sensitivity] finished output=outputs4two_stage\experiments\TS_B_time_budget_sensitivity
