[2026-03-26 23:25:44][TS_D_gate_ablation] start artifacts=outputs4two_stage/artifacts/two_stage_artifacts.json device=cuda games=1 rounds=20 playclock=0.7 iterations=120
[2026-03-26 23:25:44][TS_D_gate_ablation] gate_variant-start 1/4 gate=uncertainty
[2026-03-26 23:25:44][progress/grid-start] groups=1 games=1 pairs=1 rounds=20 device=cuda
[2026-03-26 23:25:44][progress/group-start] 1/1 game=breakthrough pair=two_stage_neural_mcts__vs__neural_mcts:token_transformer
[2026-03-26 23:25:44][progress/series-start] game=breakthrough pair=two_stage_neural_mcts__vs__neural_mcts:token_transformer rounds=20 playclock=0.7 iterations=120
E:\yc_guaduate_project\graduation_thesis\src\nn\inference.py:43: FutureWarning: You are using `torch.load` with `weights_only=False` (the current default value), which uses the default pickle module implicitly. It is possible to construct malicious pickle data which will execute arbitrary code during unpickling (See https://github.com/pytorch/pytorch/blob/main/SECURITY.md#untrusted-models for more details). In a future release, the default value for `weights_only` will be flipped to `True`. This limits the functions that could be executed during unpickling. Arbitrary objects will no longer be allowed to be loaded via this mode unless they are explicitly allowlisted by the user via `torch.serialization.add_safe_globals`. We recommend you start setting `weights_only=True` for any use case where you don't have full control of the loaded file. Please open an issue on GitHub for any issues related to this experimental feature.
  checkpoint = torch.load(model_path, map_location=device)
D:\anaconda\envs\ggp_thesis\Lib\site-packages\torch\nn\modules\transformer.py:502: UserWarning: The PyTorch API of nested tensors is in prototype stage and will change in the near future. (Triggered internally at C:\cb\pytorch_1000000000000\work\aten\src\ATen\NestedTensorImpl.cpp:180.)
  output = torch._nested_tensor_from_mask(
[2026-03-26 23:26:09][progress/match] game=breakthrough pair=two_stage_neural_mcts__vs__neural_mcts:token_transformer round=1/20 winner=b score_a=0.0 score_b=100.0 round_time=00:24 series_elapsed=00:24 series_eta=07:50
[2026-03-26 23:26:51][progress/match] game=breakthrough pair=two_stage_neural_mcts__vs__neural_mcts:token_transformer round=2/20 winner=b score_a=0.0 score_b=100.0 round_time=00:41 series_elapsed=01:06 series_eta=09:58
[2026-03-26 23:27:11][progress/match] game=breakthrough pair=two_stage_neural_mcts__vs__neural_mcts:token_transformer round=3/20 winner=a score_a=100.0 score_b=0.0 round_time=00:20 series_elapsed=01:26 series_eta=08:12
[2026-03-26 23:27:43][progress/match] game=breakthrough pair=two_stage_neural_mcts__vs__neural_mcts:token_transformer round=4/20 winner=a score_a=100.0 score_b=0.0 round_time=00:32 series_elapsed=01:59 series_eta=07:57
[2026-03-26 23:28:06][progress/match] game=breakthrough pair=two_stage_neural_mcts__vs__neural_mcts:token_transformer round=5/20 winner=b score_a=0.0 score_b=100.0 round_time=00:22 series_elapsed=02:21 series_eta=07:05
[2026-03-26 23:28:40][progress/match] game=breakthrough pair=two_stage_neural_mcts__vs__neural_mcts:token_transformer round=6/20 winner=a score_a=100.0 score_b=0.0 round_time=00:33 series_elapsed=02:55 series_eta=06:50
[2026-03-26 23:29:01][progress/match] game=breakthrough pair=two_stage_neural_mcts__vs__neural_mcts:token_transformer round=7/20 winner=b score_a=0.0 score_b=100.0 round_time=00:21 series_elapsed=03:16 series_eta=06:05
[2026-03-26 23:29:37][progress/match] game=breakthrough pair=two_stage_neural_mcts__vs__neural_mcts:token_transformer round=8/20 winner=b score_a=0.0 score_b=100.0 round_time=00:36 series_elapsed=03:53 series_eta=05:49
[2026-03-26 23:30:04][progress/match] game=breakthrough pair=two_stage_neural_mcts__vs__neural_mcts:token_transformer round=9/20 winner=b score_a=0.0 score_b=100.0 round_time=00:26 series_elapsed=04:19 series_eta=05:17
[2026-03-26 23:30:42][progress/match] game=breakthrough pair=two_stage_neural_mcts__vs__neural_mcts:token_transformer round=10/20 winner=a score_a=100.0 score_b=0.0 round_time=00:38 series_elapsed=04:57 series_eta=04:57
[2026-03-26 23:30:54][progress/match] game=breakthrough pair=two_stage_neural_mcts__vs__neural_mcts:token_transformer round=11/20 winner=a score_a=100.0 score_b=0.0 round_time=00:11 series_elapsed=05:09 series_eta=04:13
[2026-03-26 23:31:07][progress/match] game=breakthrough pair=two_stage_neural_mcts__vs__neural_mcts:token_transformer round=12/20 winner=b score_a=0.0 score_b=100.0 round_time=00:13 series_elapsed=05:23 series_eta=03:35
[2026-03-26 23:31:17][progress/match] game=breakthrough pair=two_stage_neural_mcts__vs__neural_mcts:token_transformer round=13/20 winner=a score_a=100.0 score_b=0.0 round_time=00:09 series_elapsed=05:32 series_eta=02:59
[2026-03-26 23:32:13][progress/match] game=breakthrough pair=two_stage_neural_mcts__vs__neural_mcts:token_transformer round=14/20 winner=a score_a=100.0 score_b=0.0 round_time=00:56 series_elapsed=06:28 series_eta=02:46
[2026-03-26 23:32:59][progress/match] game=breakthrough pair=two_stage_neural_mcts__vs__neural_mcts:token_transformer round=15/20 winner=a score_a=100.0 score_b=0.0 round_time=00:45 series_elapsed=07:14 series_eta=02:24
[2026-03-26 23:33:33][progress/match] game=breakthrough pair=two_stage_neural_mcts__vs__neural_mcts:token_transformer round=16/20 winner=a score_a=100.0 score_b=0.0 round_time=00:33 series_elapsed=07:48 series_eta=01:57
[2026-03-26 23:33:46][progress/match] game=breakthrough pair=two_stage_neural_mcts__vs__neural_mcts:token_transformer round=17/20 winner=a score_a=100.0 score_b=0.0 round_time=00:13 series_elapsed=08:01 series_eta=01:25
[2026-03-26 23:34:28][progress/match] game=breakthrough pair=two_stage_neural_mcts__vs__neural_mcts:token_transformer round=18/20 winner=a score_a=100.0 score_b=0.0 round_time=00:42 series_elapsed=08:44 series_eta=00:58
[2026-03-26 23:35:06][progress/match] game=breakthrough pair=two_stage_neural_mcts__vs__neural_mcts:token_transformer round=19/20 winner=a score_a=100.0 score_b=0.0 round_time=00:37 series_elapsed=09:21 series_eta=00:29
[2026-03-26 23:35:48][progress/match] game=breakthrough pair=two_stage_neural_mcts__vs__neural_mcts:token_transformer round=20/20 winner=b score_a=0.0 score_b=100.0 round_time=00:41 series_elapsed=10:03 series_eta=00:00
[2026-03-26 23:35:48][progress/series-end] game=breakthrough pair=two_stage_neural_mcts__vs__neural_mcts:token_transformer elapsed=10:03 rounds=20
[2026-03-26 23:35:48][progress/group-end] 1/1 game=breakthrough pair=two_stage_neural_mcts__vs__neural_mcts:token_transformer group_elapsed=10:03 grid_elapsed=10:03 grid_eta=00:00
[2026-03-26 23:35:48][progress/grid-end] groups=1 total_elapsed=10:03
[2026-03-26 23:35:48][TS_D_gate_ablation] gate_variant-end 1/4 gate=uncertainty raw_rows_total=20 summary_rows_total=1
[2026-03-26 23:35:48][TS_D_gate_ablation] gate_variant-start 2/4 gate=visit
[2026-03-26 23:35:48][progress/grid-start] groups=1 games=1 pairs=1 rounds=20 device=cuda
[2026-03-26 23:35:48][progress/group-start] 1/1 game=breakthrough pair=two_stage_neural_mcts__vs__neural_mcts:token_transformer
[2026-03-26 23:35:48][progress/series-start] game=breakthrough pair=two_stage_neural_mcts__vs__neural_mcts:token_transformer rounds=20 playclock=0.7 iterations=120
[2026-03-26 23:36:07][progress/match] game=breakthrough pair=two_stage_neural_mcts__vs__neural_mcts:token_transformer round=1/20 winner=b score_a=0.0 score_b=100.0 round_time=00:19 series_elapsed=00:19 series_eta=06:16
[2026-03-26 23:36:53][progress/match] game=breakthrough pair=two_stage_neural_mcts__vs__neural_mcts:token_transformer round=2/20 winner=b score_a=0.0 score_b=100.0 round_time=00:45 series_elapsed=01:05 series_eta=09:51
[2026-03-26 23:37:32][progress/match] game=breakthrough pair=two_stage_neural_mcts__vs__neural_mcts:token_transformer round=3/20 winner=b score_a=0.0 score_b=100.0 round_time=00:38 series_elapsed=01:43 series_eta=09:48
[2026-03-26 23:37:41][progress/match] game=breakthrough pair=two_stage_neural_mcts__vs__neural_mcts:token_transformer round=4/20 winner=a score_a=100.0 score_b=0.0 round_time=00:09 series_elapsed=01:53 series_eta=07:35
[2026-03-26 23:38:14][progress/match] game=breakthrough pair=two_stage_neural_mcts__vs__neural_mcts:token_transformer round=5/20 winner=b score_a=0.0 score_b=100.0 round_time=00:32 series_elapsed=02:26 series_eta=07:18
[2026-03-26 23:38:56][progress/match] game=breakthrough pair=two_stage_neural_mcts__vs__neural_mcts:token_transformer round=6/20 winner=b score_a=0.0 score_b=100.0 round_time=00:41 series_elapsed=03:08 series_eta=07:18
[2026-03-26 23:39:23][progress/match] game=breakthrough pair=two_stage_neural_mcts__vs__neural_mcts:token_transformer round=7/20 winner=b score_a=0.0 score_b=100.0 round_time=00:26 series_elapsed=03:35 series_eta=06:39
[2026-03-26 23:40:08][progress/match] game=breakthrough pair=two_stage_neural_mcts__vs__neural_mcts:token_transformer round=8/20 winner=a score_a=100.0 score_b=0.0 round_time=00:45 series_elapsed=04:20 series_eta=06:30
[2026-03-26 23:40:55][progress/match] game=breakthrough pair=two_stage_neural_mcts__vs__neural_mcts:token_transformer round=9/20 winner=b score_a=0.0 score_b=100.0 round_time=00:46 series_elapsed=05:06 series_eta=06:15
[2026-03-26 23:41:46][progress/match] game=breakthrough pair=two_stage_neural_mcts__vs__neural_mcts:token_transformer round=10/20 winner=a score_a=100.0 score_b=0.0 round_time=00:51 series_elapsed=05:57 series_eta=05:57
[2026-03-26 23:42:59][progress/match] game=breakthrough pair=two_stage_neural_mcts__vs__neural_mcts:token_transformer round=11/20 winner=b score_a=0.0 score_b=100.0 round_time=01:13 series_elapsed=07:11 series_eta=05:53
[2026-03-26 23:43:37][progress/match] game=breakthrough pair=two_stage_neural_mcts__vs__neural_mcts:token_transformer round=12/20 winner=b score_a=0.0 score_b=100.0 round_time=00:37 series_elapsed=07:49 series_eta=05:12
[2026-03-26 23:43:47][progress/match] game=breakthrough pair=two_stage_neural_mcts__vs__neural_mcts:token_transformer round=13/20 winner=b score_a=0.0 score_b=100.0 round_time=00:10 series_elapsed=07:59 series_eta=04:18
[2026-03-26 23:44:16][progress/match] game=breakthrough pair=two_stage_neural_mcts__vs__neural_mcts:token_transformer round=14/20 winner=b score_a=0.0 score_b=100.0 round_time=00:29 series_elapsed=08:28 series_eta=03:38
[2026-03-26 23:44:32][progress/match] game=breakthrough pair=two_stage_neural_mcts__vs__neural_mcts:token_transformer round=15/20 winner=b score_a=0.0 score_b=100.0 round_time=00:15 series_elapsed=08:44 series_eta=02:54
[2026-03-26 23:44:42][progress/match] game=breakthrough pair=two_stage_neural_mcts__vs__neural_mcts:token_transformer round=16/20 winner=b score_a=0.0 score_b=100.0 round_time=00:09 series_elapsed=08:54 series_eta=02:13
[2026-03-26 23:45:03][progress/match] game=breakthrough pair=two_stage_neural_mcts__vs__neural_mcts:token_transformer round=17/20 winner=b score_a=0.0 score_b=100.0 round_time=00:21 series_elapsed=09:15 series_eta=01:38
[2026-03-26 23:45:21][progress/match] game=breakthrough pair=two_stage_neural_mcts__vs__neural_mcts:token_transformer round=18/20 winner=b score_a=0.0 score_b=100.0 round_time=00:18 series_elapsed=09:33 series_eta=01:03
[2026-03-26 23:45:40][progress/match] game=breakthrough pair=two_stage_neural_mcts__vs__neural_mcts:token_transformer round=19/20 winner=b score_a=0.0 score_b=100.0 round_time=00:18 series_elapsed=09:52 series_eta=00:31
[2026-03-26 23:45:52][progress/match] game=breakthrough pair=two_stage_neural_mcts__vs__neural_mcts:token_transformer round=20/20 winner=b score_a=0.0 score_b=100.0 round_time=00:12 series_elapsed=10:04 series_eta=00:00
[2026-03-26 23:45:52][progress/series-end] game=breakthrough pair=two_stage_neural_mcts__vs__neural_mcts:token_transformer elapsed=10:04 rounds=20
[2026-03-26 23:45:52][progress/group-end] 1/1 game=breakthrough pair=two_stage_neural_mcts__vs__neural_mcts:token_transformer group_elapsed=10:04 grid_elapsed=10:04 grid_eta=00:00
[2026-03-26 23:45:52][progress/grid-end] groups=1 total_elapsed=10:04
[2026-03-26 23:45:52][TS_D_gate_ablation] gate_variant-end 2/4 gate=visit raw_rows_total=40 summary_rows_total=2
[2026-03-26 23:45:52][TS_D_gate_ablation] gate_variant-start 3/4 gate=uncertainty_visit
[2026-03-26 23:45:52][progress/grid-start] groups=1 games=1 pairs=1 rounds=20 device=cuda
[2026-03-26 23:45:52][progress/group-start] 1/1 game=breakthrough pair=two_stage_neural_mcts__vs__neural_mcts:token_transformer
[2026-03-26 23:45:52][progress/series-start] game=breakthrough pair=two_stage_neural_mcts__vs__neural_mcts:token_transformer rounds=20 playclock=0.7 iterations=120
[2026-03-26 23:46:03][progress/match] game=breakthrough pair=two_stage_neural_mcts__vs__neural_mcts:token_transformer round=1/20 winner=b score_a=0.0 score_b=100.0 round_time=00:10 series_elapsed=00:10 series_eta=03:12
[2026-03-26 23:46:25][progress/match] game=breakthrough pair=two_stage_neural_mcts__vs__neural_mcts:token_transformer round=2/20 winner=b score_a=0.0 score_b=100.0 round_time=00:22 series_elapsed=00:32 series_eta=04:51
[2026-03-26 23:46:41][progress/match] game=breakthrough pair=two_stage_neural_mcts__vs__neural_mcts:token_transformer round=3/20 winner=b score_a=0.0 score_b=100.0 round_time=00:15 series_elapsed=00:48 series_eta=04:33
[2026-03-26 23:47:20][progress/match] game=breakthrough pair=two_stage_neural_mcts__vs__neural_mcts:token_transformer round=4/20 winner=b score_a=0.0 score_b=100.0 round_time=00:39 series_elapsed=01:27 series_eta=05:51
[2026-03-26 23:47:29][progress/match] game=breakthrough pair=two_stage_neural_mcts__vs__neural_mcts:token_transformer round=5/20 winner=b score_a=0.0 score_b=100.0 round_time=00:08 series_elapsed=01:36 series_eta=04:50
[2026-03-26 23:48:07][progress/match] game=breakthrough pair=two_stage_neural_mcts__vs__neural_mcts:token_transformer round=6/20 winner=b score_a=0.0 score_b=100.0 round_time=00:38 series_elapsed=02:15 series_eta=05:15
[2026-03-26 23:48:16][progress/match] game=breakthrough pair=two_stage_neural_mcts__vs__neural_mcts:token_transformer round=7/20 winner=b score_a=0.0 score_b=100.0 round_time=00:08 series_elapsed=02:23 series_eta=04:26
[2026-03-26 23:48:57][progress/match] game=breakthrough pair=two_stage_neural_mcts__vs__neural_mcts:token_transformer round=8/20 winner=b score_a=0.0 score_b=100.0 round_time=00:40 series_elapsed=03:04 series_eta=04:37
[2026-03-26 23:49:06][progress/match] game=breakthrough pair=two_stage_neural_mcts__vs__neural_mcts:token_transformer round=9/20 winner=b score_a=0.0 score_b=100.0 round_time=00:08 series_elapsed=03:13 series_eta=03:56
[2026-03-26 23:49:53][progress/match] game=breakthrough pair=two_stage_neural_mcts__vs__neural_mcts:token_transformer round=10/20 winner=b score_a=0.0 score_b=100.0 round_time=00:46 series_elapsed=04:00 series_eta=04:00
[2026-03-26 23:50:02][progress/match] game=breakthrough pair=two_stage_neural_mcts__vs__neural_mcts:token_transformer round=11/20 winner=b score_a=0.0 score_b=100.0 round_time=00:08 series_elapsed=04:09 series_eta=03:23
[2026-03-26 23:50:45][progress/match] game=breakthrough pair=two_stage_neural_mcts__vs__neural_mcts:token_transformer round=12/20 winner=a score_a=100.0 score_b=0.0 round_time=00:43 series_elapsed=04:52 series_eta=03:14
[2026-03-26 23:51:33][progress/match] game=breakthrough pair=two_stage_neural_mcts__vs__neural_mcts:token_transformer round=13/20 winner=a score_a=100.0 score_b=0.0 round_time=00:47 series_elapsed=05:40 series_eta=03:03
[2026-03-26 23:51:45][progress/match] game=breakthrough pair=two_stage_neural_mcts__vs__neural_mcts:token_transformer round=14/20 winner=b score_a=0.0 score_b=100.0 round_time=00:12 series_elapsed=05:52 series_eta=02:31
[2026-03-26 23:52:36][progress/match] game=breakthrough pair=two_stage_neural_mcts__vs__neural_mcts:token_transformer round=15/20 winner=a score_a=100.0 score_b=0.0 round_time=00:50 series_elapsed=06:43 series_eta=02:14
[2026-03-26 23:52:46][progress/match] game=breakthrough pair=two_stage_neural_mcts__vs__neural_mcts:token_transformer round=16/20 winner=b score_a=0.0 score_b=100.0 round_time=00:10 series_elapsed=06:53 series_eta=01:43
[2026-03-26 23:53:28][progress/match] game=breakthrough pair=two_stage_neural_mcts__vs__neural_mcts:token_transformer round=17/20 winner=a score_a=100.0 score_b=0.0 round_time=00:42 series_elapsed=07:35 series_eta=01:20
[2026-03-26 23:53:45][progress/match] game=breakthrough pair=two_stage_neural_mcts__vs__neural_mcts:token_transformer round=18/20 winner=b score_a=0.0 score_b=100.0 round_time=00:16 series_elapsed=07:52 series_eta=00:52
[2026-03-26 23:54:33][progress/match] game=breakthrough pair=two_stage_neural_mcts__vs__neural_mcts:token_transformer round=19/20 winner=a score_a=100.0 score_b=0.0 round_time=00:47 series_elapsed=08:40 series_eta=00:27
[2026-03-26 23:54:45][progress/match] game=breakthrough pair=two_stage_neural_mcts__vs__neural_mcts:token_transformer round=20/20 winner=b score_a=0.0 score_b=100.0 round_time=00:12 series_elapsed=08:52 series_eta=00:00
[2026-03-26 23:54:45][progress/series-end] game=breakthrough pair=two_stage_neural_mcts__vs__neural_mcts:token_transformer elapsed=08:52 rounds=20
[2026-03-26 23:54:45][progress/group-end] 1/1 game=breakthrough pair=two_stage_neural_mcts__vs__neural_mcts:token_transformer group_elapsed=08:52 grid_elapsed=08:52 grid_eta=00:00
[2026-03-26 23:54:45][progress/grid-end] groups=1 total_elapsed=08:52
[2026-03-26 23:54:45][TS_D_gate_ablation] gate_variant-end 3/4 gate=uncertainty_visit raw_rows_total=60 summary_rows_total=3
[2026-03-26 23:54:45][TS_D_gate_ablation] gate_variant-start 4/4 gate=combined
[2026-03-26 23:54:45][progress/grid-start] groups=1 games=1 pairs=1 rounds=20 device=cuda
[2026-03-26 23:54:45][progress/group-start] 1/1 game=breakthrough pair=two_stage_neural_mcts__vs__neural_mcts:token_transformer
[2026-03-26 23:54:45][progress/series-start] game=breakthrough pair=two_stage_neural_mcts__vs__neural_mcts:token_transformer rounds=20 playclock=0.7 iterations=120
[2026-03-26 23:55:39][progress/match] game=breakthrough pair=two_stage_neural_mcts__vs__neural_mcts:token_transformer round=1/20 winner=a score_a=100.0 score_b=0.0 round_time=00:53 series_elapsed=00:53 series_eta=16:58
[2026-03-26 23:55:51][progress/match] game=breakthrough pair=two_stage_neural_mcts__vs__neural_mcts:token_transformer round=2/20 winner=b score_a=0.0 score_b=100.0 round_time=00:12 series_elapsed=01:05 series_eta=09:52
[2026-03-26 23:56:37][progress/match] game=breakthrough pair=two_stage_neural_mcts__vs__neural_mcts:token_transformer round=3/20 winner=a score_a=100.0 score_b=0.0 round_time=00:46 series_elapsed=01:52 series_eta=10:35
[2026-03-26 23:56:48][progress/match] game=breakthrough pair=two_stage_neural_mcts__vs__neural_mcts:token_transformer round=4/20 winner=b score_a=0.0 score_b=100.0 round_time=00:10 series_elapsed=02:02 series_eta=08:11
[2026-03-26 23:57:48][progress/match] game=breakthrough pair=two_stage_neural_mcts__vs__neural_mcts:token_transformer round=5/20 winner=a score_a=100.0 score_b=0.0 round_time=01:00 series_elapsed=03:03 series_eta=09:09
[2026-03-26 23:58:37][progress/match] game=breakthrough pair=two_stage_neural_mcts__vs__neural_mcts:token_transformer round=6/20 winner=b score_a=0.0 score_b=100.0 round_time=00:48 series_elapsed=03:52 series_eta=09:01
[2026-03-26 23:59:03][progress/match] game=breakthrough pair=two_stage_neural_mcts__vs__neural_mcts:token_transformer round=7/20 winner=a score_a=100.0 score_b=0.0 round_time=00:26 series_elapsed=04:18 series_eta=07:59
[2026-03-26 23:59:51][progress/match] game=breakthrough pair=two_stage_neural_mcts__vs__neural_mcts:token_transformer round=8/20 winner=a score_a=100.0 score_b=0.0 round_time=00:48 series_elapsed=05:06 series_eta=07:39
[2026-03-27 00:00:35][progress/match] game=breakthrough pair=two_stage_neural_mcts__vs__neural_mcts:token_transformer round=9/20 winner=a score_a=100.0 score_b=0.0 round_time=00:43 series_elapsed=05:49 series_eta=07:07
[2026-03-27 00:01:20][progress/match] game=breakthrough pair=two_stage_neural_mcts__vs__neural_mcts:token_transformer round=10/20 winner=a score_a=100.0 score_b=0.0 round_time=00:45 series_elapsed=06:35 series_eta=06:35
[2026-03-27 00:02:00][progress/match] game=breakthrough pair=two_stage_neural_mcts__vs__neural_mcts:token_transformer round=11/20 winner=a score_a=100.0 score_b=0.0 round_time=00:40 series_elapsed=07:15 series_eta=05:56
[2026-03-27 00:02:40][progress/match] game=breakthrough pair=two_stage_neural_mcts__vs__neural_mcts:token_transformer round=12/20 winner=a score_a=100.0 score_b=0.0 round_time=00:39 series_elapsed=07:54 series_eta=05:16
[2026-03-27 00:03:29][progress/match] game=breakthrough pair=two_stage_neural_mcts__vs__neural_mcts:token_transformer round=13/20 winner=b score_a=0.0 score_b=100.0 round_time=00:49 series_elapsed=08:44 series_eta=04:42
[2026-03-27 00:04:21][progress/match] game=breakthrough pair=two_stage_neural_mcts__vs__neural_mcts:token_transformer round=14/20 winner=b score_a=0.0 score_b=100.0 round_time=00:51 series_elapsed=09:36 series_eta=04:06
[2026-03-27 00:05:23][progress/match] game=breakthrough pair=two_stage_neural_mcts__vs__neural_mcts:token_transformer round=15/20 winner=a score_a=100.0 score_b=0.0 round_time=01:01 series_elapsed=10:38 series_eta=03:32
[2026-03-27 00:05:34][progress/match] game=breakthrough pair=two_stage_neural_mcts__vs__neural_mcts:token_transformer round=16/20 winner=b score_a=0.0 score_b=100.0 round_time=00:10 series_elapsed=10:48 series_eta=02:42
[2026-03-27 00:06:19][progress/match] game=breakthrough pair=two_stage_neural_mcts__vs__neural_mcts:token_transformer round=17/20 winner=a score_a=100.0 score_b=0.0 round_time=00:44 series_elapsed=11:33 series_eta=02:02
[2026-03-27 00:06:30][progress/match] game=breakthrough pair=two_stage_neural_mcts__vs__neural_mcts:token_transformer round=18/20 winner=b score_a=0.0 score_b=100.0 round_time=00:10 series_elapsed=11:44 series_eta=01:18
[2026-03-27 00:07:12][progress/match] game=breakthrough pair=two_stage_neural_mcts__vs__neural_mcts:token_transformer round=19/20 winner=a score_a=100.0 score_b=0.0 round_time=00:42 series_elapsed=12:26 series_eta=00:39
[2026-03-27 00:07:24][progress/match] game=breakthrough pair=two_stage_neural_mcts__vs__neural_mcts:token_transformer round=20/20 winner=b score_a=0.0 score_b=100.0 round_time=00:12 series_elapsed=12:38 series_eta=00:00
[2026-03-27 00:07:24][progress/series-end] game=breakthrough pair=two_stage_neural_mcts__vs__neural_mcts:token_transformer elapsed=12:38 rounds=20
[2026-03-27 00:07:24][progress/group-end] 1/1 game=breakthrough pair=two_stage_neural_mcts__vs__neural_mcts:token_transformer group_elapsed=12:38 grid_elapsed=12:38 grid_eta=00:00
[2026-03-27 00:07:24][progress/grid-end] groups=1 total_elapsed=12:38
[2026-03-27 00:07:24][TS_D_gate_ablation] gate_variant-end 4/4 gate=combined raw_rows_total=80 summary_rows_total=4
[2026-03-27 00:07:24][TS_D_gate_ablation] finished output=outputs4two_stage\experiments\TS_D_gate_ablation
